This is pdfTeXk, Version 3.141592-1.40.3 (Web2C 7.5.6) (format=pdflatex 2009.10.31)  18 DEC 2009 12:51
entering extended mode
 %&-line parsing enabled.
**\input pres_these.tex
(./pres_these.tex (/usr/share/texmf/tex/latex/beamer/base/beamer.cls
(/usr/share/texmf/tex/latex/beamer/base/beamerbasercs.sty
Package: beamerbasercs 2007/01/28 (rcs-revision 1.4)
)
Document Class: beamer 2007/03/11 cvs version 3.07 A class for typesetting pres
entations (rcs-revision 1.70)
(/usr/share/texmf/tex/latex/beamer/base/beamerbasemodes.sty
Package: beamerbasemodes 2007/01/28 (rcs-revision 1.22)
\beamer@tempbox=\box26
\beamer@tempcount=\count79
\c@beamerpauses=\count80

(/usr/share/texmf/tex/latex/beamer/base/beamerbasedecode.sty
Package: beamerbasedecode 2007/01/28 (rcs-revision 1.20)
\beamer@slideinframe=\count81
\beamer@minimum=\count82
)
\beamer@commentbox=\box27
\beamer@modecount=\count83
)
\headheight=\dimen102
\headdp=\dimen103
\footheight=\dimen104
\sidebarheight=\dimen105
\beamer@tempdim=\dimen106
\beamer@finalheight=\dimen107
\beamer@animht=\dimen108
\beamer@animdp=\dimen109
\beamer@animwd=\dimen110
\beamer@leftmargin=\dimen111
\beamer@rightmargin=\dimen112
\beamer@leftsidebar=\dimen113
\beamer@rightsidebar=\dimen114
\beamer@boxsize=\dimen115
\beamer@vboxoffset=\dimen116
\beamer@descdefault=\dimen117
\beamer@descriptionwidth=\dimen118
\beamer@lastskip=\skip41
\beamer@areabox=\box28
\beamer@animcurrent=\box29
\beamer@animshowbox=\box30
\beamer@sectionbox=\box31
\beamer@logobox=\box32
\beamer@linebox=\box33
\beamer@sectioncount=\count84
\beamer@subsubsectionmax=\count85
\beamer@subsectionmax=\count86
\beamer@sectionmax=\count87
\beamer@totalheads=\count88
\beamer@headcounter=\count89
\beamer@partstartpage=\count90
\beamer@sectionstartpage=\count91
\beamer@subsectionstartpage=\count92
\beamer@animationtempa=\count93
\beamer@animationtempb=\count94
\beamer@xpos=\count95
\beamer@ypos=\count96
\beamer@showpartnumber=\count97
\beamer@currentsubsection=\count98
\beamer@coveringdepth=\count99
\beamer@sectionadjust=\count100
\beamer@tocsectionnumber=\count101

(/usr/share/texmf/tex/latex/beamer/base/beamerbaseoptions.sty
Package: beamerbaseoptions 2007/01/28 (rcs-revision 1.8)

(/usr/share/texmf-texlive/tex/latex/graphics/keyval.sty
Package: keyval 1999/03/16 v1.13 key=value parser (DPC)
\KV@toks@=\toks14
))
(/usr/share/texmf/tex/latex/pgf/basiclayer/pgfcore.sty
(/usr/share/texmf-texlive/tex/latex/graphics/graphicx.sty
Package: graphicx 1999/02/16 v1.0f Enhanced LaTeX Graphics (DPC,SPQR)

(/usr/share/texmf-texlive/tex/latex/graphics/graphics.sty
Package: graphics 2006/02/20 v1.0o Standard LaTeX Graphics (DPC,SPQR)

(/usr/share/texmf-texlive/tex/latex/graphics/trig.sty
Package: trig 1999/03/16 v1.09 sin cos tan (DPC)
)
(/etc/texmf/tex/latex/config/graphics.cfg
File: graphics.cfg 2007/01/18 v1.5 graphics configuration of teTeX/TeXLive
)
Package graphics Info: Driver file: pdftex.def on input line 90.

(/usr/share/texmf-texlive/tex/latex/pdftex-def/pdftex.def
File: pdftex.def 2007/01/08 v0.04d Graphics/color for pdfTeX
\Gread@gobject=\count102
))
\Gin@req@height=\dimen119
\Gin@req@width=\dimen120
)
(/usr/share/texmf/tex/latex/pgf/systemlayer/pgfsys.sty
(/usr/share/texmf/tex/latex/pgf/utilities/pgfrcs.sty
(/usr/share/texmf/tex/generic/pgf/utilities/pgfutil-common.tex
\pgfutil@everybye=\toks15
)
(/usr/share/texmf/tex/generic/pgf/utilities/pgfutil-latex.def)
(/usr/share/texmf/tex/generic/pgf/utilities/pgfrcs.code.tex
Package: pgfrcs 2008/02/20 v2.00 (rcs-revision 1.21)
))
(/usr/share/texmf/tex/generic/pgf/systemlayer/pgfsys.code.tex
Package: pgfsys 2008/02/07 v2.00 (rcs-revision 1.31)

(/usr/share/texmf/tex/generic/pgf/utilities/pgfkeys.code.tex
\pgfkeys@pathtoks=\toks16
\pgfkeys@temptoks=\toks17
)
\pgf@x=\dimen121
\pgf@y=\dimen122
\pgf@xa=\dimen123
\pgf@ya=\dimen124
\pgf@xb=\dimen125
\pgf@yb=\dimen126
\pgf@xc=\dimen127
\pgf@yc=\dimen128
\c@pgf@counta=\count103
\c@pgf@countb=\count104
\c@pgf@countc=\count105
\c@pgf@countd=\count106

(/usr/share/texmf/tex/generic/pgf/systemlayer/pgf.cfg
File: pgf.cfg 2008/01/13  (rcs-revision 1.6)
)
Package pgfsys Info: Driver file for pgf: pgfsys-pdftex.def on input line 885.

(/usr/share/texmf/tex/generic/pgf/systemlayer/pgfsys-pdftex.def
File: pgfsys-pdftex.def 2007/12/20  (rcs-revision 1.20)

(/usr/share/texmf/tex/generic/pgf/systemlayer/pgfsys-common-pdf.def
File: pgfsys-common-pdf.def 2007/12/17  (rcs-revision 1.8)
)))
(/usr/share/texmf/tex/generic/pgf/systemlayer/pgfsyssoftpath.code.tex
File: pgfsyssoftpath.code.tex 2008/01/23  (rcs-revision 1.6)
\pgfsyssoftpath@smallbuffer@items=\count107
\pgfsyssoftpath@bigbuffer@items=\count108
)
(/usr/share/texmf/tex/generic/pgf/systemlayer/pgfsysprotocol.code.tex
File: pgfsysprotocol.code.tex 2006/10/16  (rcs-revision 1.4)
))
(/usr/share/texmf/tex/latex/xcolor/xcolor.sty
Package: xcolor 2007/01/21 v2.11 LaTeX color extensions (UK)

(/etc/texmf/tex/latex/config/color.cfg
File: color.cfg 2007/01/18 v1.5 color configuration of teTeX/TeXLive
)
Package xcolor Info: Driver file: pdftex.def on input line 225.
Package xcolor Info: Model `cmy' substituted by `cmy0' on input line 1337.
Package xcolor Info: Model `hsb' substituted by `rgb' on input line 1341.
Package xcolor Info: Model `RGB' extended on input line 1353.
Package xcolor Info: Model `HTML' substituted by `rgb' on input line 1355.
Package xcolor Info: Model `Hsb' substituted by `hsb' on input line 1356.
Package xcolor Info: Model `tHsb' substituted by `hsb' on input line 1357.
Package xcolor Info: Model `HSB' substituted by `hsb' on input line 1358.
Package xcolor Info: Model `Gray' substituted by `gray' on input line 1359.
Package xcolor Info: Model `wave' substituted by `hsb' on input line 1360.
)
(/usr/share/texmf/tex/generic/pgf/basiclayer/pgfcore.code.tex
Package: pgfcore 2008/01/15 v2.00 (rcs-revision 1.6)

(/usr/share/texmf/tex/generic/pgf/math/pgfmath.code.tex
(/usr/share/texmf/tex/generic/pgf/math/pgfmathcalc.code.tex
(/usr/share/texmf/tex/generic/pgf/math/pgfmathutil.code.tex
\pgfmath@box=\box34
)
(/usr/share/texmf/tex/generic/pgf/math/pgfmathparser.code.tex
\pgfmath@stack=\toks18
\c@pgfmath@parsecounta=\count109
\c@pgfmath@parsecountb=\count110
\c@pgfmath@parsecountc=\count111
\pgfmath@parsex=\dimen129
)
(/usr/share/texmf/tex/generic/pgf/math/pgfmathoperations.code.tex
(/usr/share/texmf/tex/generic/pgf/math/pgfmathtrig.code.tex)
(/usr/share/texmf/tex/generic/pgf/math/pgfmathrnd.code.tex))
(/usr/share/texmf/tex/generic/pgf/math/pgfmathbase.code.tex)))
(/usr/share/texmf/tex/generic/pgf/basiclayer/pgfcorepoints.code.tex
File: pgfcorepoints.code.tex 2008/02/03  (rcs-revision 1.13)
\pgf@picminx=\dimen130
\pgf@picmaxx=\dimen131
\pgf@picminy=\dimen132
\pgf@picmaxy=\dimen133
\pgf@pathminx=\dimen134
\pgf@pathmaxx=\dimen135
\pgf@pathminy=\dimen136
\pgf@pathmaxy=\dimen137
\pgf@xx=\dimen138
\pgf@xy=\dimen139
\pgf@yx=\dimen140
\pgf@yy=\dimen141
\pgf@zx=\dimen142
\pgf@zy=\dimen143
)
(/usr/share/texmf/tex/generic/pgf/basiclayer/pgfcorepathconstruct.code.tex
File: pgfcorepathconstruct.code.tex 2008/02/13  (rcs-revision 1.14)
\pgf@path@lastx=\dimen144
\pgf@path@lasty=\dimen145
)
(/usr/share/texmf/tex/generic/pgf/basiclayer/pgfcorepathusage.code.tex
File: pgfcorepathusage.code.tex 2008/01/23  (rcs-revision 1.11)
\pgf@shorten@end@additional=\dimen146
\pgf@shorten@start@additional=\dimen147
)
(/usr/share/texmf/tex/generic/pgf/basiclayer/pgfcorescopes.code.tex
File: pgfcorescopes.code.tex 2008/01/15  (rcs-revision 1.26)
\pgfpic=\box35
\pgf@hbox=\box36
\pgf@layerbox@main=\box37
\pgf@picture@serial@count=\count112
)
(/usr/share/texmf/tex/generic/pgf/basiclayer/pgfcoregraphicstate.code.tex
File: pgfcoregraphicstate.code.tex 2007/12/12  (rcs-revision 1.8)
\pgflinewidth=\dimen148
)
(/usr/share/texmf/tex/generic/pgf/basiclayer/pgfcoretransformations.code.tex
File: pgfcoretransformations.code.tex 2008/02/04  (rcs-revision 1.10)
\pgf@pt@x=\dimen149
\pgf@pt@y=\dimen150
\pgf@pt@temp=\dimen151
)
(/usr/share/texmf/tex/generic/pgf/basiclayer/pgfcorequick.code.tex
File: pgfcorequick.code.tex 2006/10/11  (rcs-revision 1.2)
)
(/usr/share/texmf/tex/generic/pgf/basiclayer/pgfcoreobjects.code.tex
File: pgfcoreobjects.code.tex 2006/10/11  (rcs-revision 1.2)
)
(/usr/share/texmf/tex/generic/pgf/basiclayer/pgfcorepathprocessing.code.tex
File: pgfcorepathprocessing.code.tex 2008/01/23  (rcs-revision 1.7)
)
(/usr/share/texmf/tex/generic/pgf/basiclayer/pgfcorearrows.code.tex
File: pgfcorearrows.code.tex 2007/06/07  (rcs-revision 1.8)
)
(/usr/share/texmf/tex/generic/pgf/basiclayer/pgfcoreshade.code.tex
File: pgfcoreshade.code.tex 2007/12/10  (rcs-revision 1.9)
\pgf@max=\dimen152
\pgf@sys@shading@range@num=\count113
)
(/usr/share/texmf/tex/generic/pgf/basiclayer/pgfcoreimage.code.tex
File: pgfcoreimage.code.tex 2008/01/15  (rcs-revision 1.1)
\pgfexternal@startupbox=\box38
)
(/usr/share/texmf/tex/generic/pgf/basiclayer/pgfcorelayers.code.tex
File: pgfcorelayers.code.tex 2008/01/15  (rcs-revision 1.1)
)
(/usr/share/texmf/tex/generic/pgf/basiclayer/pgfcoretransparency.code.tex
File: pgfcoretransparency.code.tex 2008/01/17  (rcs-revision 1.2)
)
(/usr/share/texmf/tex/generic/pgf/basiclayer/pgfcorepatterns.code.tex
File: pgfcorepatterns.code.tex 2008/01/15  (rcs-revision 1.1)
)))
(/usr/share/texmf/tex/latex/pgf/basiclayer/pgfbaseimage.sty

Package pgf Warning: This package is obsolete and no longer needed on input lin
e 13.

) (/usr/share/texmf/tex/latex/pgf/utilities/xxcolor.sty
Package: xxcolor 2003/10/24 ver 0.1
\XC@nummixins=\count114
\XC@countmixins=\count115
)
(/usr/share/texmf-texlive/tex/latex/amsfonts/amssymb.sty
Package: amssymb 2002/01/22 v2.2d

(/usr/share/texmf-texlive/tex/latex/amsfonts/amsfonts.sty
Package: amsfonts 2001/10/25 v2.2f
\@emptytoks=\toks19
\symAMSa=\mathgroup4
\symAMSb=\mathgroup5
LaTeX Font Info:    Overwriting math alphabet `\mathfrak' in version `bold'
(Font)                  U/euf/m/n --> U/euf/b/n on input line 132.
))
(/usr/share/texmf-texlive/tex/latex/geometry/geometry.sty
Package: geometry 2002/07/08 v3.2 Page Geometry
\Gm@cnth=\count116
\Gm@cntv=\count117
\c@Gm@tempcnt=\count118
\Gm@bindingoffset=\dimen153
\Gm@wd@mp=\dimen154
\Gm@odd@mp=\dimen155
\Gm@even@mp=\dimen156
\Gm@dimlist=\toks20
)
(/usr/share/texmf-texlive/tex/latex/hyperref/hyperref.sty
Package: hyperref 2007/02/07 v6.75r Hypertext links for LaTeX
\@linkdim=\dimen157
\Hy@linkcounter=\count119
\Hy@pagecounter=\count120

(/usr/share/texmf-texlive/tex/latex/hyperref/pd1enc.def
File: pd1enc.def 2007/02/07 v6.75r Hyperref: PDFDocEncoding definition (HO)
)
(/etc/texmf/tex/latex/config/hyperref.cfg
File: hyperref.cfg 2002/06/06 v1.2 hyperref configuration of TeXLive
)
(/usr/share/texmf-texlive/tex/latex/oberdiek/kvoptions.sty
Package: kvoptions 2006/08/22 v2.4 Connects package keyval with LaTeX options (
HO)
)
Package hyperref Info: Option `bookmarks' set `true' on input line 2238.
Package hyperref Info: Option `bookmarksopen' set `true' on input line 2238.
Package hyperref Info: Option `implicit' set `false' on input line 2238.
Package hyperref Info: Hyper figures OFF on input line 2288.
Package hyperref Info: Link nesting OFF on input line 2293.
Package hyperref Info: Hyper index ON on input line 2296.
Package hyperref Info: Plain pages OFF on input line 2303.
Package hyperref Info: Backreferencing OFF on input line 2308.

Implicit mode OFF; no redefinition of LaTeX internals
Package hyperref Info: Bookmarks ON on input line 2444.
(/usr/share/texmf-texlive/tex/latex/ltxmisc/url.sty
\Urlmuskip=\muskip10
Package: url 2005/06/27  ver 3.2  Verb mode for urls, etc.
)
LaTeX Info: Redefining \url on input line 2599.
\Fld@menulength=\count121
\Field@Width=\dimen158
\Fld@charsize=\dimen159
\Choice@toks=\toks21
\Field@toks=\toks22
Package hyperref Info: Hyper figures OFF on input line 3102.
Package hyperref Info: Link nesting OFF on input line 3107.
Package hyperref Info: Hyper index ON on input line 3110.
Package hyperref Info: backreferencing OFF on input line 3117.
Package hyperref Info: Link coloring OFF on input line 3122.


Package hyperref Warning: Option `pdfpagelabels' is turned off
(hyperref)                because \thepage is undefined.

Hyperref stopped early
)
*hyperref using default driver hpdftex*
(/usr/share/texmf-texlive/tex/latex/hyperref/hpdftex.def
File: hpdftex.def 2007/02/07 v6.75r Hyperref driver for pdfTeX
\Fld@listcount=\count122
)
(/usr/share/texmf-texlive/tex/latex/base/size11.clo
File: size11.clo 2005/09/16 v1.4f Standard LaTeX file (size option)
)
(/usr/share/texmf/tex/latex/beamer/base/beamerbasecompatibility.sty
Package: beamerbasecompatibility 2007/01/28  (rcs-revision 1.63)
)
(/usr/share/texmf/tex/latex/beamer/base/beamerbasefont.sty
Package: beamerbasefont 2007/01/28  (rcs-revision 1.16)
)
(/usr/share/texmf/tex/latex/beamer/base/beamerbasemisc.sty
Package: beamerbasemisc 2007/01/28  (rcs-revision 1.24)
)
(/usr/share/texmf/tex/latex/beamer/base/beamerbasetwoscreens.sty
Package: beamerbasetwoscreens 2007/01/28  (rcs-revision 1.7)
)
(/usr/share/texmf/tex/latex/beamer/base/beamerbaseoverlay.sty
Package: beamerbaseoverlay 2007/01/28  (rcs-revision 1.50)
\beamer@argscount=\count123
\beamer@lastskipcover=\skip42
\beamer@trivlistdepth=\count124
)
(/usr/share/texmf/tex/latex/beamer/base/beamerbasetitle.sty
Package: beamerbasetitle 2007/01/28  (rcs-revision 1.25)
)
(/usr/share/texmf/tex/latex/beamer/base/beamerbasesection.sty
Package: beamerbasesection 2007/01/28  (rcs-revision 1.21)
\c@lecture=\count125
\c@part=\count126
\c@section=\count127
\c@subsection=\count128
\c@subsubsection=\count129
)
(/usr/share/texmf/tex/latex/beamer/base/beamerbaseframe.sty
Package: beamerbaseframe 2007/01/28  (rcs-revision 1.60)
\beamer@framebox=\box39
\beamer@frametitlebox=\box40
\beamer@zoombox=\box41
\beamer@zoomcount=\count130
\beamer@zoomframecount=\count131
\beamer@frametextheight=\dimen160
\c@subsectionslide=\count132
\beamer@frametopskip=\skip43
\beamer@framebottomskip=\skip44
\beamer@frametopskipautobreak=\skip45
\beamer@framebottomskipautobreak=\skip46
\beamer@envbody=\toks23
\c@framenumber=\count133
)
(/usr/share/texmf/tex/latex/beamer/base/beamerbaseverbatim.sty
Package: beamerbaseverbatim 2007/01/28  (rcs-revision 1.8)
\beamer@verbatimfileout=\write3
)
(/usr/share/texmf/tex/latex/beamer/base/beamerbaseframesize.sty
Package: beamerbaseframesize 2007/01/28  (rcs-revision 1.18)
\beamer@splitbox=\box42
\beamer@autobreakcount=\count134
\beamer@autobreaklastheight=\dimen161
\beamer@frametitletoks=\toks24
\beamer@framesubtitletoks=\toks25
)
(/usr/share/texmf/tex/latex/beamer/base/beamerbaseframecomponents.sty
Package: beamerbaseframecomponents 2007/01/28  (rcs-revision 1.41)
\beamer@footins=\box43
)
(/usr/share/texmf/tex/latex/beamer/base/beamerbasecolor.sty
Package: beamerbasecolor 2007/01/28  (rcs-revision 1.42)
)
(/usr/share/texmf/tex/latex/beamer/base/beamerbasenotes.sty
Package: beamerbasenotes 2007/01/28  (rcs-revision 1.23)
\beamer@frameboxcopy=\box44
)
(/usr/share/texmf/tex/latex/beamer/base/beamerbasetoc.sty
Package: beamerbasetoc 2007/01/28  (rcs-revision 1.21)
)
(/usr/share/texmf/tex/latex/beamer/base/beamerbasetemplates.sty
Package: beamerbasetemplates 2007/01/28  (rcs-revision 1.51)
\beamer@sbttoks=\toks26

(/usr/share/texmf/tex/latex/beamer/base/beamerbaseauxtemplates.sty
Package: beamerbaseauxtemplates 2007/01/28  (rcs-revision 1.28)

(/usr/share/texmf/tex/latex/beamer/base/beamerbaseboxes.sty
Package: beamerbaseboxes 2007/03/11  (rcs-revision 1.32)
\bmb@box=\box45
\bmb@colorbox=\box46
\bmb@boxshadow=\box47
\bmb@boxshadowball=\box48
\bmb@boxshadowballlarge=\box49
\bmb@temp=\dimen162
\bmb@dima=\dimen163
\bmb@dimb=\dimen164
\bmb@prevheight=\dimen165
)
\beamer@blockheadheight=\dimen166
))
(/usr/share/texmf/tex/latex/beamer/base/beamerbaselocalstructure.sty
Package: beamerbaselocalstructure 2007/01/28  (rcs-revision 1.53)

(/usr/share/texmf-texlive/tex/latex/tools/enumerate.sty
Package: enumerate 1999/03/05 v3.00 enumerate extensions (DPC)
\@enLab=\toks27
)
\c@figure=\count135
\c@table=\count136
\abovecaptionskip=\skip47
\belowcaptionskip=\skip48
)
(/usr/share/texmf/tex/latex/beamer/base/beamerbasenavigation.sty
Package: beamerbasenavigation 2007/01/28  (rcs-revision 1.36)
)
(/usr/share/texmf/tex/latex/beamer/base/beamerbasetheorems.sty
Package: beamerbasetheorems 2007/01/28  (rcs-revision 1.10)

(/usr/share/texmf-texlive/tex/latex/amsmath/amsmath.sty
Package: amsmath 2000/07/18 v2.13 AMS math features
\@mathmargin=\skip49

For additional information on amsmath, use the `?' option.
(/usr/share/texmf-texlive/tex/latex/amsmath/amstext.sty
Package: amstext 2000/06/29 v2.01

(/usr/share/texmf-texlive/tex/latex/amsmath/amsgen.sty
File: amsgen.sty 1999/11/30 v2.0
\@emptytoks=\toks28
\ex@=\dimen167
))
(/usr/share/texmf-texlive/tex/latex/amsmath/amsbsy.sty
Package: amsbsy 1999/11/29 v1.2d
\pmbraise@=\dimen168
)
(/usr/share/texmf-texlive/tex/latex/amsmath/amsopn.sty
Package: amsopn 1999/12/14 v2.01 operator names
)
\inf@bad=\count137
LaTeX Info: Redefining \frac on input line 211.
\uproot@=\count138
\leftroot@=\count139
LaTeX Info: Redefining \overline on input line 307.
\classnum@=\count140
\DOTSCASE@=\count141
LaTeX Info: Redefining \ldots on input line 379.
LaTeX Info: Redefining \dots on input line 382.
LaTeX Info: Redefining \cdots on input line 467.
\Mathstrutbox@=\box50
\strutbox@=\box51
\big@size=\dimen169
LaTeX Font Info:    Redeclaring font encoding OML on input line 567.
LaTeX Font Info:    Redeclaring font encoding OMS on input line 568.
\macc@depth=\count142
\c@MaxMatrixCols=\count143
\dotsspace@=\muskip11
\c@parentequation=\count144
\dspbrk@lvl=\count145
\tag@help=\toks29
\row@=\count146
\column@=\count147
\maxfields@=\count148
\andhelp@=\toks30
\eqnshift@=\dimen170
\alignsep@=\dimen171
\tagshift@=\dimen172
\tagwidth@=\dimen173
\totwidth@=\dimen174
\lineht@=\dimen175
\@envbody=\toks31
\multlinegap=\skip50
\multlinetaggap=\skip51
\mathdisplay@stack=\toks32
LaTeX Info: Redefining \[ on input line 2666.
LaTeX Info: Redefining \] on input line 2667.
)
(/usr/share/texmf-texlive/tex/latex/amscls/amsthm.sty
Package: amsthm 2004/08/06 v2.20
\thm@style=\toks33
\thm@bodyfont=\toks34
\thm@headfont=\toks35
\thm@notefont=\toks36
\thm@headpunct=\toks37
\thm@preskip=\skip52
\thm@postskip=\skip53
\thm@headsep=\skip54
\dth@everypar=\toks38
)
\c@theorem=\count149
)
(/usr/share/texmf/tex/latex/beamer/base/beamerbasethemes.sty
Package: beamerbasethemes 2007/01/28  (rcs-revision 1.10)
)
(/usr/share/texmf/tex/latex/beamer/themes/theme/beamerthemedefault.sty
Package: beamerthemedefault 2007/01/28  (rcs-revision 1.7)

(/usr/share/texmf/tex/latex/beamer/themes/font/beamerfontthemedefault.sty
Package: beamerfontthemedefault 2007/01/28  (rcs-revision 1.13)
)
(/usr/share/texmf/tex/latex/beamer/themes/color/beamercolorthemedefault.sty
Package: beamercolorthemedefault 2007/01/28  (rcs-revision 1.28)
)
(/usr/share/texmf/tex/latex/beamer/themes/inner/beamerinnerthemedefault.sty
Package: beamerinnerthemedefault 2007/01/28  (rcs-revision 1.20)
\beamer@dima=\dimen176
\beamer@dimb=\dimen177
)
(/usr/share/texmf/tex/latex/beamer/themes/outer/beamerouterthemedefault.sty
Package: beamerouterthemedefault 2007/01/28  (rcs-revision 1.14)
)))
(/usr/share/texmf/tex/latex/beamer/themes/theme/beamerthemeDarmstadt.sty
Package: beamerthemeDarmstadt 2007/01/28  (rcs-revision 1.9)

(/usr/share/texmf/tex/latex/beamer/themes/outer/beamerouterthemesmoothbars.sty
Package: beamerouterthemesmoothbars 2007/01/28  (rcs-revision 1.6)
) (/usr/share/texmf/tex/latex/beamer/themes/inner/beamerinnerthemerounded.sty
Package: beamerinnerthemerounded 2007/01/28  (rcs-revision 1.5)
)
(/usr/share/texmf/tex/latex/beamer/themes/color/beamercolorthemeorchid.sty
Package: beamercolorthemeorchid 2007/01/28  (rcs-revision 1.3)
)
(/usr/share/texmf/tex/latex/beamer/themes/color/beamercolorthemewhale.sty
Package: beamercolorthemewhale 2007/01/28  (rcs-revision 1.4)
))
(/usr/share/texmf-texlive/tex/generic/babel/babel.sty
Package: babel 2005/11/23 v3.8h The Babel package

(/usr/share/texmf-texlive/tex/generic/babel/english.ldf
Language: english 2005/03/30 v3.3o English support from the babel system

(/usr/share/texmf-texlive/tex/generic/babel/babel.def
File: babel.def 2005/11/23 v3.8h Babel common definitions
LaTeX Info: Redefining \textlatin on input line 82.
\babel@savecnt=\count150
\U@D=\dimen178
)
\l@british = a dialect from \language\l@english 
\l@UKenglish = a dialect from \language\l@english 
\l@canadian = a dialect from \language\l@american 
\l@australian = a dialect from \language\l@british 
\l@newzealand = a dialect from \language\l@british 
))
(/usr/share/texmf-texlive/tex/latex/pstricks/pstricks.sty
Package: pstricks 2006/08/10 v0.32 LaTeX wrapper for `PSTricks' (RN,HV)

(/usr/share/texmf-texlive/tex/generic/pstricks/pstricks.tex
`PSTricks' v1.15  <2006/12/22> (tvz)
\pst@dima=\dimen179
\pst@dimb=\dimen180
\pst@dimc=\dimen181
\pst@dimd=\dimen182
\pst@dimg=\dimen183
\pst@dimh=\dimen184
\pst@hbox=\box52
\pst@boxg=\box53
\pst@cnta=\count151
\pst@cntb=\count152
\pst@cntc=\count153
\pst@cntd=\count154
\pst@cntg=\count155
\pst@cnth=\count156
\pst@toks=\toks39
(/usr/share/texmf-texlive/tex/generic/pstricks/pstricks.con)
\psunit=\dimen185
\psxunit=\dimen186
\psyunit=\dimen187
\pslinewidth=\dimen188
\pst@customdefs=\toks40
\pslinearc=\dimen189
\everypsbox=\toks41
\psframesep=\dimen190
\pslabelsep=\dimen191
\psk@shift=\dimen192
\pst@shift=\dimen193
\theoverlaybox=\box54
)
File: pstricks.tex 2006/12/22 v1.15 `PSTricks' (tvz)
)
(/usr/share/texmf-texlive/tex/latex/pst-grad/pst-grad.sty
Package: pst-grad 2004/07/15 package wrapper for pst-grad.tex (hv)

(/usr/share/texmf-texlive/tex/generic/pst-grad/pst-grad.tex
(/usr/share/texmf-texlive/tex/latex/xkeyval/pst-xkey.tex
File: pst-xkey.tex 2005/11/25 v1.6 PSTricks specialization of xkeyval (HA)

(/usr/share/texmf-texlive/tex/latex/xkeyval/xkeyval.sty
Package: xkeyval 2006/11/18 v2.5f package option processing (HA)

(/usr/share/texmf-texlive/tex/latex/xkeyval/xkeyval.tex
\XKV@toks=\toks42
\XKV@depth=\count157
File: xkeyval.tex 2006/11/18 v2.5f key=value parser (HA)
)))
`pst-plot' v1.05, 2006/11/04 (tvz,dg,hv))
File: pst-grad.tex 2006/11/04 1.05 `pst-grad' (tvz)
)
(/usr/share/texmf-texlive/tex/latex/tools/multicol.sty
Package: multicol 2006/05/18 v1.6g multicolumn formatting (FMi)
\c@tracingmulticols=\count158
\mult@box=\box55
\multicol@leftmargin=\dimen194
\c@unbalance=\count159
\c@collectmore=\count160
\doublecol@number=\count161
\multicoltolerance=\count162
\multicolpretolerance=\count163
\full@width=\dimen195
\page@free=\dimen196
\premulticols=\dimen197
\postmulticols=\dimen198
\multicolsep=\skip55
\multicolbaselineskip=\skip56
\partial@page=\box56
\last@line=\box57
\mult@rightbox=\box58
\mult@grightbox=\box59
\mult@gfirstbox=\box60
\mult@firstbox=\box61
\@tempa=\box62
\@tempa=\box63
\@tempa=\box64
\@tempa=\box65
\@tempa=\box66
\@tempa=\box67
\@tempa=\box68
\@tempa=\box69
\@tempa=\box70
\@tempa=\box71
\@tempa=\box72
\@tempa=\box73
\@tempa=\box74
\@tempa=\box75
\@tempa=\box76
\@tempa=\box77
\@tempa=\box78
\c@columnbadness=\count164
\c@finalcolumnbadness=\count165
\last@try=\dimen199
\multicolovershoot=\dimen200
\multicolundershoot=\dimen201
\mult@nat@firstbox=\box79
\colbreak@box=\box80
)
(/usr/share/texmf-texlive/tex/latex/base/inputenc.sty
Package: inputenc 2006/05/05 v1.1b Input encoding file
\inpenc@prehook=\toks43
\inpenc@posthook=\toks44

(/usr/share/texmf-texlive/tex/latex/base/utf8.def
File: utf8.def 2006/03/30 v1.1i UTF-8 support for inputenc
Now handling font encoding OML ...
... no UTF-8 mapping file for font encoding OML
Now handling font encoding T1 ...
... processing UTF-8 mapping file for font encodingT1

(/usr/share/texmf-texlive/tex/latex/base/t1enc.dfu
File: t1enc.dfu 2006/03/30 v1.1i UTF-8 support for inputenc
   defining Unicode char U+00A1 (decimal 161)
   defining Unicode char U+00A3 (decimal 163)
   defining Unicode char U+00AB (decimal 171)
   defining Unicode char U+00BB (decimal 187)
   defining Unicode char U+00BF (decimal 191)
   defining Unicode char U+00C0 (decimal 192)
   defining Unicode char U+00C1 (decimal 193)
   defining Unicode char U+00C2 (decimal 194)
   defining Unicode char U+00C3 (decimal 195)
   defining Unicode char U+00C4 (decimal 196)
   defining Unicode char U+00C5 (decimal 197)
   defining Unicode char U+00C6 (decimal 198)
   defining Unicode char U+00C7 (decimal 199)
   defining Unicode char U+00C8 (decimal 200)
   defining Unicode char U+00C9 (decimal 201)
   defining Unicode char U+00CA (decimal 202)
   defining Unicode char U+00CB (decimal 203)
   defining Unicode char U+00CC (decimal 204)
   defining Unicode char U+00CD (decimal 205)
   defining Unicode char U+00CE (decimal 206)
   defining Unicode char U+00CF (decimal 207)
   defining Unicode char U+00D0 (decimal 208)
   defining Unicode char U+00D1 (decimal 209)
   defining Unicode char U+00D2 (decimal 210)
   defining Unicode char U+00D3 (decimal 211)
   defining Unicode char U+00D4 (decimal 212)
   defining Unicode char U+00D5 (decimal 213)
   defining Unicode char U+00D6 (decimal 214)
   defining Unicode char U+00D8 (decimal 216)
   defining Unicode char U+00D9 (decimal 217)
   defining Unicode char U+00DA (decimal 218)
   defining Unicode char U+00DB (decimal 219)
   defining Unicode char U+00DC (decimal 220)
   defining Unicode char U+00DD (decimal 221)
   defining Unicode char U+00DE (decimal 222)
   defining Unicode char U+00DF (decimal 223)
   defining Unicode char U+00E0 (decimal 224)
   defining Unicode char U+00E1 (decimal 225)
   defining Unicode char U+00E2 (decimal 226)
   defining Unicode char U+00E3 (decimal 227)
   defining Unicode char U+00E4 (decimal 228)
   defining Unicode char U+00E5 (decimal 229)
   defining Unicode char U+00E6 (decimal 230)
   defining Unicode char U+00E7 (decimal 231)
   defining Unicode char U+00E8 (decimal 232)
   defining Unicode char U+00E9 (decimal 233)
   defining Unicode char U+00EA (decimal 234)
   defining Unicode char U+00EB (decimal 235)
   defining Unicode char U+00EC (decimal 236)
   defining Unicode char U+00ED (decimal 237)
   defining Unicode char U+00EE (decimal 238)
   defining Unicode char U+00EF (decimal 239)
   defining Unicode char U+00F0 (decimal 240)
   defining Unicode char U+00F1 (decimal 241)
   defining Unicode char U+00F2 (decimal 242)
   defining Unicode char U+00F3 (decimal 243)
   defining Unicode char U+00F4 (decimal 244)
   defining Unicode char U+00F5 (decimal 245)
   defining Unicode char U+00F6 (decimal 246)
   defining Unicode char U+00F8 (decimal 248)
   defining Unicode char U+00F9 (decimal 249)
   defining Unicode char U+00FA (decimal 250)
   defining Unicode char U+00FB (decimal 251)
   defining Unicode char U+00FC (decimal 252)
   defining Unicode char U+00FD (decimal 253)
   defining Unicode char U+00FE (decimal 254)
   defining Unicode char U+00FF (decimal 255)
   defining Unicode char U+0102 (decimal 258)
   defining Unicode char U+0103 (decimal 259)
   defining Unicode char U+0104 (decimal 260)
   defining Unicode char U+0105 (decimal 261)
   defining Unicode char U+0106 (decimal 262)
   defining Unicode char U+0107 (decimal 263)
   defining Unicode char U+010C (decimal 268)
   defining Unicode char U+010D (decimal 269)
   defining Unicode char U+010E (decimal 270)
   defining Unicode char U+010F (decimal 271)
   defining Unicode char U+0110 (decimal 272)
   defining Unicode char U+0111 (decimal 273)
   defining Unicode char U+0118 (decimal 280)
   defining Unicode char U+0119 (decimal 281)
   defining Unicode char U+011A (decimal 282)
   defining Unicode char U+011B (decimal 283)
   defining Unicode char U+011E (decimal 286)
   defining Unicode char U+011F (decimal 287)
   defining Unicode char U+0130 (decimal 304)
   defining Unicode char U+0131 (decimal 305)
   defining Unicode char U+0132 (decimal 306)
   defining Unicode char U+0133 (decimal 307)
   defining Unicode char U+0139 (decimal 313)
   defining Unicode char U+013A (decimal 314)
   defining Unicode char U+013D (decimal 317)
   defining Unicode char U+013E (decimal 318)
   defining Unicode char U+0141 (decimal 321)
   defining Unicode char U+0142 (decimal 322)
   defining Unicode char U+0143 (decimal 323)
   defining Unicode char U+0144 (decimal 324)
   defining Unicode char U+0147 (decimal 327)
   defining Unicode char U+0148 (decimal 328)
   defining Unicode char U+014A (decimal 330)
   defining Unicode char U+014B (decimal 331)
   defining Unicode char U+0150 (decimal 336)
   defining Unicode char U+0151 (decimal 337)
   defining Unicode char U+0152 (decimal 338)
   defining Unicode char U+0153 (decimal 339)
   defining Unicode char U+0154 (decimal 340)
   defining Unicode char U+0155 (decimal 341)
   defining Unicode char U+0158 (decimal 344)
   defining Unicode char U+0159 (decimal 345)
   defining Unicode char U+015A (decimal 346)
   defining Unicode char U+015B (decimal 347)
   defining Unicode char U+015E (decimal 350)
   defining Unicode char U+015F (decimal 351)
   defining Unicode char U+0160 (decimal 352)
   defining Unicode char U+0161 (decimal 353)
   defining Unicode char U+0162 (decimal 354)
   defining Unicode char U+0163 (decimal 355)
   defining Unicode char U+0164 (decimal 356)
   defining Unicode char U+0165 (decimal 357)
   defining Unicode char U+016E (decimal 366)
   defining Unicode char U+016F (decimal 367)
   defining Unicode char U+0170 (decimal 368)
   defining Unicode char U+0171 (decimal 369)
   defining Unicode char U+0178 (decimal 376)
   defining Unicode char U+0179 (decimal 377)
   defining Unicode char U+017A (decimal 378)
   defining Unicode char U+017B (decimal 379)
   defining Unicode char U+017C (decimal 380)
   defining Unicode char U+017D (decimal 381)
   defining Unicode char U+017E (decimal 382)
   defining Unicode char U+200C (decimal 8204)
   defining Unicode char U+2013 (decimal 8211)
   defining Unicode char U+2014 (decimal 8212)
   defining Unicode char U+2018 (decimal 8216)
   defining Unicode char U+2019 (decimal 8217)
   defining Unicode char U+201A (decimal 8218)
   defining Unicode char U+201C (decimal 8220)
   defining Unicode char U+201D (decimal 8221)
   defining Unicode char U+201E (decimal 8222)
   defining Unicode char U+2030 (decimal 8240)
   defining Unicode char U+2031 (decimal 8241)
   defining Unicode char U+2039 (decimal 8249)
   defining Unicode char U+203A (decimal 8250)
   defining Unicode char U+2423 (decimal 9251)
)
Now handling font encoding OT1 ...
... processing UTF-8 mapping file for font encodingOT1

(/usr/share/texmf-texlive/tex/latex/base/ot1enc.dfu
File: ot1enc.dfu 2006/03/30 v1.1i UTF-8 support for inputenc
   defining Unicode char U+00A1 (decimal 161)
   defining Unicode char U+00A3 (decimal 163)
   defining Unicode char U+00B8 (decimal 184)
   defining Unicode char U+00BF (decimal 191)
   defining Unicode char U+00C5 (decimal 197)
   defining Unicode char U+00C6 (decimal 198)
   defining Unicode char U+00D8 (decimal 216)
   defining Unicode char U+00DF (decimal 223)
   defining Unicode char U+00E6 (decimal 230)
   defining Unicode char U+00EC (decimal 236)
   defining Unicode char U+00ED (decimal 237)
   defining Unicode char U+00EE (decimal 238)
   defining Unicode char U+00EF (decimal 239)
   defining Unicode char U+00F8 (decimal 248)
   defining Unicode char U+0131 (decimal 305)
   defining Unicode char U+0141 (decimal 321)
   defining Unicode char U+0142 (decimal 322)
   defining Unicode char U+0152 (decimal 338)
   defining Unicode char U+0153 (decimal 339)
   defining Unicode char U+2013 (decimal 8211)
   defining Unicode char U+2014 (decimal 8212)
   defining Unicode char U+2018 (decimal 8216)
   defining Unicode char U+2019 (decimal 8217)
   defining Unicode char U+201C (decimal 8220)
   defining Unicode char U+201D (decimal 8221)
)
Now handling font encoding OMS ...
... processing UTF-8 mapping file for font encodingOMS

(/usr/share/texmf-texlive/tex/latex/base/omsenc.dfu
File: omsenc.dfu 2006/03/30 v1.1i UTF-8 support for inputenc
   defining Unicode char U+00A7 (decimal 167)
   defining Unicode char U+00B6 (decimal 182)
   defining Unicode char U+00B7 (decimal 183)
   defining Unicode char U+2020 (decimal 8224)
   defining Unicode char U+2021 (decimal 8225)
   defining Unicode char U+2022 (decimal 8226)
)
Now handling font encoding OMX ...
... no UTF-8 mapping file for font encoding OMX
Now handling font encoding U ...
... no UTF-8 mapping file for font encoding U
Now handling font encoding PD1 ...
... no UTF-8 mapping file for font encoding PD1
   defining Unicode char U+00A9 (decimal 169)
   defining Unicode char U+00AA (decimal 170)
   defining Unicode char U+00AE (decimal 174)
   defining Unicode char U+00BA (decimal 186)
   defining Unicode char U+02C6 (decimal 710)
   defining Unicode char U+02DC (decimal 732)
   defining Unicode char U+200C (decimal 8204)
   defining Unicode char U+2026 (decimal 8230)
   defining Unicode char U+2122 (decimal 8482)
   defining Unicode char U+2423 (decimal 9251)
))
(/usr/share/texmf-texlive/tex/latex/base/exscale.sty
Package: exscale 1997/06/16 v2.1g Standard LaTeX package exscale
LaTeX Font Info:    Redeclaring symbol font `largesymbols' on input line 52.
LaTeX Font Info:    Overwriting symbol font `largesymbols' in version `normal'
(Font)                  OMX/cmex/m/n --> OMX/cmex/m/n on input line 52.
LaTeX Font Info:    Overwriting symbol font `largesymbols' in version `bold'
(Font)                  OMX/cmex/m/n --> OMX/cmex/m/n on input line 52.
\big@size=\dimen202
)
(/usr/share/texmf-texlive/tex/latex/soul/soul.sty
Package: soul 2003/11/17 v2.4 letterspacing/underlining (mf)
\SOUL@word=\toks45
\SOUL@lasttoken=\toks46
\SOUL@cmds=\toks47
\SOUL@buffer=\toks48
\SOUL@token=\toks49
\SOUL@spaceskip=\skip57
\SOUL@ttwidth=\dimen203
\SOUL@uldp=\dimen204
\SOUL@ulht=\dimen205
)
(/usr/share/texmf-texlive/tex/latex/ltxmisc/ulem.sty
\UL@box=\box81
\UL@hyphenbox=\box82
\UL@skip=\skip58
\UL@hook=\toks50
\UL@pe=\count166
\UL@pixel=\dimen206
\ULC@box=\box83
Package: ulem 2000/05/26
\ULdepth=\dimen207
)
(/usr/share/texmf-texlive/tex/latex/psnfss/times.sty
Package: times 2005/04/12 PSNFSS-v9.2a (SPQR) 
)
(/usr/share/texmf-texlive/tex/latex/base/fontenc.sty
Package: fontenc 2005/09/27 v1.99g Standard LaTeX package

(/usr/share/texmf-texlive/tex/latex/base/t1enc.def
File: t1enc.def 2005/09/27 v1.99g Standard LaTeX file
LaTeX Font Info:    Redeclaring font encoding T1 on input line 43.
))
(/usr/share/texmf-texlive/tex/latex/natbib/natbib.sty
Package: natbib 2007/02/05 8.0 (PWD)
\bibhang=\skip59
\bibsep=\skip60
LaTeX Info: Redefining \cite on input line 602.
\c@NAT@ctr=\count167
)
(/usr/share/texmf-texlive/tex/latex/tools/verbatim.sty
Package: verbatim 2003/08/22 v1.5q LaTeX2e package for verbatim enhancements
\every@verbatim=\toks51
\verbatim@line=\toks52
\verbatim@in@stream=\read1
)
(/usr/share/texmf-texlive/tex/latex/tools/array.sty
Package: array 2005/08/23 v2.4b Tabular extension package (FMi)
\col@sep=\dimen208
\extrarowheight=\dimen209
\NC@list=\toks53
\extratabsurround=\skip61
\backup@length=\skip62
)
(/usr/share/texmf-texlive/tex/latex/multirow/multirow.sty
\bigstrutjot=\dimen210
)
(/usr/share/texmf/tex/latex/pgf/basiclayer/pgf.sty
Package: pgf 2008/01/15 v2.00 (rcs-revision 1.12)

(/usr/share/texmf/tex/generic/pgf/modules/pgfmoduleshapes.code.tex
File: pgfmoduleshapes.code.tex 2008/02/13  (rcs-revision 1.4)
\pgfnodeparttextbox=\box84
\toks@savedmacro=\toks54
)
(/usr/share/texmf/tex/generic/pgf/modules/pgfmoduleplot.code.tex
File: pgfmoduleplot.code.tex 2008/01/15  (rcs-revision 1.1)
\pgf@plotwrite=\write4
)
(/usr/share/texmf/tex/latex/pgf/compatibility/pgfcomp-version-0-65.sty
Package: pgfcomp-version-0-65 2007/07/03 v2.00 (rcs-revision 1.7)
\pgf@nodesepstart=\dimen211
\pgf@nodesepend=\dimen212
)
(/usr/share/texmf/tex/latex/pgf/compatibility/pgfcomp-version-1-18.sty
Package: pgfcomp-version-1-18 2007/07/23 v2.00 (rcs-revision 1.1)
))
(/usr/share/texmf/tex/latex/pgf/frontendlayer/tikz.sty
(/usr/share/texmf/tex/latex/pgf/utilities/pgffor.sty
(/usr/share/texmf/tex/generic/pgf/utilities/pgffor.code.tex
Package: pgffor 2007/11/07 v2.00 (rcs-revision 1.8)
\pgffor@iter=\dimen213
\pgffor@skip=\dimen214
))
(/usr/share/texmf/tex/generic/pgf/frontendlayer/tikz/tikz.code.tex
Package: tikz 2008/02/13 v2.00 (rcs-revision 1.27)

(/usr/share/texmf/tex/generic/pgf/libraries/pgflibraryplothandlers.code.tex
File: pgflibraryplothandlers.code.tex 2007/03/09 v2.00 (rcs-revision 1.9)
\pgf@plot@mark@count=\count168
\pgfplotmarksize=\dimen215
)
\tikz@lastx=\dimen216
\tikz@lasty=\dimen217
\tikz@lastxsaved=\dimen218
\tikz@lastysaved=\dimen219
\tikzleveldistance=\dimen220
\tikzsiblingdistance=\dimen221
\tikz@figbox=\box85
\tikz@tempbox=\box86
\tikztreelevel=\count169
\tikznumberofchildren=\count170
\tikznumberofcurrentchild=\count171
\tikz@fig@count=\count172

(/usr/share/texmf/tex/generic/pgf/modules/pgfmodulematrix.code.tex
File: pgfmodulematrix.code.tex 2008/01/15  (rcs-revision 1.1)
\pgfmatrixcurrentrow=\count173
\pgfmatrixcurrentcolumn=\count174
\pgf@matrix@numberofcolumns=\count175
)
\tikz@expandcount=\count176

(/usr/share/texmf/tex/generic/pgf/frontendlayer/tikz/libraries/tikzlibrarytopat
hs.code.tex
File: tikzlibrarytopaths.code.tex 2008/01/09 v2.00 (rcs-revision 1.1)
)))
(/usr/share/texmf/tex/generic/pgf/frontendlayer/tikz/libraries/tikzlibraryarrow
s.code.tex
File: tikzlibraryarrows.code.tex 2008/01/09 v2.00 (rcs-revision 1.1)

(/usr/share/texmf/tex/generic/pgf/libraries/pgflibraryarrows.code.tex
File: pgflibraryarrows.code.tex 2007/06/07 v2.00 (rcs-revision 1.7)
))
(/usr/share/texmf/tex/generic/pgf/frontendlayer/tikz/libraries/tikzlibrarysnake
s.code.tex
File: tikzlibrarysnakes.code.tex 2008/02/05 v2.00 (rcs-revision 1.6)


Package tikz Warning: Snakes have been superseded by decorations. Please use th
e decoration libraries instead of the snakes library on input line 14.


(/usr/share/texmf/tex/generic/pgf/frontendlayer/tikz/libraries/tikzlibrarydecor
ations.pathmorphing.code.tex
(/usr/share/texmf/tex/generic/pgf/frontendlayer/tikz/libraries/tikzlibrarydecor
ations.code.tex
(/usr/share/texmf/tex/generic/pgf/modules/pgfmoduledecorations.code.tex
\pgfdecoratedcompleteddistance=\dimen222
\pgfdecoratedremainingdistance=\dimen223
\pgfdecoratedinputsegmentcompleteddistance=\dimen224
\pgfdecoratedinputsegmentremainingdistance=\dimen225
\pgf@decorate@distancetomove=\dimen226
\pgf@decorate@repeatstate=\count177
\pgfdecorationsegmentamplitude=\dimen227
\pgfdecorationsegmentlength=\dimen228
))
(/usr/share/texmf/tex/generic/pgf/libraries/pgflibrarydecorations.pathmorphing.
code.tex))
(/usr/share/texmf/tex/generic/pgf/frontendlayer/tikz/libraries/tikzlibrarydecor
ations.pathreplacing.code.tex
(/usr/share/texmf/tex/generic/pgf/libraries/pgflibrarydecorations.pathreplacing
.code.tex))
(/usr/share/texmf/tex/generic/pgf/frontendlayer/tikz/libraries/tikzlibrarydecor
ations.shapes.code.tex
(/usr/share/texmf/tex/generic/pgf/libraries/pgflibrarydecorations.shapes.code.t
ex)))
(/usr/share/texmf/tex/generic/pgf/frontendlayer/tikz/libraries/tikzlibrarybackg
rounds.code.tex
File: tikzlibrarybackgrounds.code.tex 2008/01/09 v2.00 (rcs-revision 1.1)
\pgf@layerbox@background=\box87
\pgf@layerboxsaved@background=\box88
)
(/usr/share/texmf/tex/generic/pgf/frontendlayer/tikz/libraries/tikzlibraryshape
s.code.tex
File: tikzlibraryshapes.code.tex 2008/01/09 v2.00 (rcs-revision 1.1)

(/usr/share/texmf/tex/generic/pgf/frontendlayer/tikz/libraries/tikzlibraryshape
s.geometric.code.tex
File: tikzlibraryshapes.geometric.code.tex 2008/01/09 v2.00 (rcs-revision 1.1)

(/usr/share/texmf/tex/generic/pgf/libraries/pgflibraryshapes.geometric.code.tex
File: pgflibraryshapes.geometric.code.tex 2008/02/01 v2.00 (rcs-revision 1.22)
))
(/usr/share/texmf/tex/generic/pgf/frontendlayer/tikz/libraries/tikzlibraryshape
s.misc.code.tex
File: tikzlibraryshapes.misc.code.tex 2008/01/09 v2.00 (rcs-revision 1.1)

(/usr/share/texmf/tex/generic/pgf/libraries/pgflibraryshapes.misc.code.tex
File: pgflibraryshapes.misc.code.tex 2008/02/12 v2.00 (rcs-revision 1.10)
))
(/usr/share/texmf/tex/generic/pgf/frontendlayer/tikz/libraries/tikzlibraryshape
s.symbols.code.tex
File: tikzlibraryshapes.symbols.code.tex 2008/01/09 v2.00 (rcs-revision 1.1)

(/usr/share/texmf/tex/generic/pgf/libraries/pgflibraryshapes.symbols.code.tex
File: pgflibraryshapes.symbols.code.tex 2008/01/30 v2.00 (rcs-revision 1.13)
))
(/usr/share/texmf/tex/generic/pgf/frontendlayer/tikz/libraries/tikzlibraryshape
s.arrows.code.tex
File: tikzlibraryshapes.arrows.code.tex 2008/01/09 v2.00 (rcs-revision 1.1)

(/usr/share/texmf/tex/generic/pgf/libraries/pgflibraryshapes.arrows.code.tex
File: pgflibraryshapes.arrows.code.tex 2007/11/10 v2.00 (rcs-revision 1.3)
))
(/usr/share/texmf/tex/generic/pgf/frontendlayer/tikz/libraries/tikzlibraryshape
s.callouts.code.tex
(/usr/share/texmf/tex/generic/pgf/libraries/pgflibraryshapes.callouts.code.tex)
)
(/usr/share/texmf/tex/generic/pgf/frontendlayer/tikz/libraries/tikzlibraryshape
s.multipart.code.tex
File: tikzlibraryshapes.multipart.code.tex 2008/01/09 v2.00 (rcs-revision 1.1)

(/usr/share/texmf/tex/generic/pgf/libraries/pgflibraryshapes.multipart.code.tex
File: pgflibraryshapes.multipart.code.tex 2008/01/15 v2.00 (rcs-revision 1.7)
\pgfnodepartlowerbox=\box89
\pgfnodepartsecondbox=\box90
\pgfnodepartthirdbox=\box91
\pgfnodepartfourthbox=\box92
))) (./pres_these.aux)
\openout1 = `pres_these.aux'.

LaTeX Font Info:    Checking defaults for OML/cmm/m/it on input line 72.
LaTeX Font Info:    ... okay on input line 72.
LaTeX Font Info:    Checking defaults for T1/cmr/m/n on input line 72.
LaTeX Font Info:    ... okay on input line 72.
LaTeX Font Info:    Checking defaults for OT1/cmr/m/n on input line 72.
LaTeX Font Info:    ... okay on input line 72.
LaTeX Font Info:    Checking defaults for OMS/cmsy/m/n on input line 72.
LaTeX Font Info:    ... okay on input line 72.
LaTeX Font Info:    Checking defaults for OMX/cmex/m/n on input line 72.
LaTeX Font Info:    ... okay on input line 72.
LaTeX Font Info:    Checking defaults for U/cmr/m/n on input line 72.
LaTeX Font Info:    ... okay on input line 72.
LaTeX Font Info:    Checking defaults for PD1/pdf/m/n on input line 72.
LaTeX Font Info:    ... okay on input line 72.
LaTeX Font Info:    Try loading font information for T1+phv on input line 72.
 (/usr/share/texmf-texlive/tex/latex/psnfss/t1phv.fd
File: t1phv.fd 2001/06/04 scalable font definitions for T1/phv.
)
-------------------- Geometry parameters
paper: user defined
landscape: --
twocolumn: --
twoside: --
asymmetric: --
h-parts: 28.45274pt, 307.28987pt, 28.45274pt
v-parts: 0.0pt, 273.14662pt, 0.0pt
hmarginratio: --
vmarginratio: --
lines: --
heightrounded: --
bindingoffset: 0.0pt
truedimen: --
includehead: true
includefoot: true
includemp: --
driver: pdftex
-------------------- Page layout dimensions and switches
\paperwidth  364.19536pt
\paperheight 273.14662pt
\textwidth  307.28987pt
\textheight 244.6939pt
\oddsidemargin  -43.81725pt
\evensidemargin -43.81725pt
\topmargin  -72.26999pt
\headheight 14.22636pt
\headsep    0.0pt
\footskip   14.22636pt
\marginparwidth 4.0pt
\marginparsep   10.0pt
\columnsep  10.0pt
\skip\footins  10.0pt plus 4.0pt minus 2.0pt
\hoffset 0.0pt
\voffset 0.0pt
\mag 1000

(1in=72.27pt, 1cm=28.45pt)
-----------------------
Package hyperref Info: Link coloring OFF on input line 72.

(/usr/share/texmf-texlive/tex/latex/hyperref/nameref.sty
Package: nameref 2006/12/27 v2.28 Cross-referencing by name of section

(/usr/share/texmf-texlive/tex/latex/oberdiek/refcount.sty
Package: refcount 2006/02/20 v3.0 Data extraction from references (HO)
)
\c@section@level=\count178
)
LaTeX Info: Redefining \ref on input line 72.
LaTeX Info: Redefining \pageref on input line 72.
 (./pres_these.out)
(./pres_these.out)
\@outlinefile=\write5
\openout5 = `pres_these.out'.

LaTeX Font Info:    Overwriting symbol font `operators' in version `normal'
(Font)                  OT1/cmr/m/n --> OT1/cmss/m/n on input line 72.
LaTeX Font Info:    Overwriting symbol font `operators' in version `bold'
(Font)                  OT1/cmr/bx/n --> OT1/cmss/bx/n on input line 72.
\symnumbers=\mathgroup6
\sympureletters=\mathgroup7
LaTeX Font Info:    Overwriting math alphabet `\mathrm' in version `normal'
(Font)                  OT1/cmss/m/n --> T1/ptm/m/n on input line 72.
LaTeX Font Info:    Redeclaring math alphabet \mathbf on input line 72.
LaTeX Font Info:    Overwriting math alphabet `\mathbf' in version `normal'
(Font)                  OT1/cmr/bx/n --> T1/phv/bx/n on input line 72.
LaTeX Font Info:    Overwriting math alphabet `\mathbf' in version `bold'
(Font)                  OT1/cmr/bx/n --> T1/phv/bx/n on input line 72.
LaTeX Font Info:    Redeclaring math alphabet \mathsf on input line 72.
LaTeX Font Info:    Overwriting math alphabet `\mathsf' in version `normal'
(Font)                  OT1/cmss/m/n --> T1/phv/m/n on input line 72.
LaTeX Font Info:    Overwriting math alphabet `\mathsf' in version `bold'
(Font)                  OT1/cmss/bx/n --> T1/phv/m/n on input line 72.
LaTeX Font Info:    Redeclaring math alphabet \mathit on input line 72.
LaTeX Font Info:    Overwriting math alphabet `\mathit' in version `normal'
(Font)                  OT1/cmr/m/it --> T1/phv/m/it on input line 72.
LaTeX Font Info:    Overwriting math alphabet `\mathit' in version `bold'
(Font)                  OT1/cmr/bx/it --> T1/phv/m/it on input line 72.
LaTeX Font Info:    Redeclaring math alphabet \mathtt on input line 72.
LaTeX Font Info:    Overwriting math alphabet `\mathtt' in version `normal'
(Font)                  OT1/cmtt/m/n --> T1/pcr/m/n on input line 72.
LaTeX Font Info:    Overwriting math alphabet `\mathtt' in version `bold'
(Font)                  OT1/cmtt/m/n --> T1/pcr/m/n on input line 72.
LaTeX Font Info:    Overwriting symbol font `numbers' in version `bold'
(Font)                  T1/phv/m/n --> T1/phv/bx/n on input line 72.
LaTeX Font Info:    Overwriting symbol font `pureletters' in version `bold'
(Font)                  T1/phv/m/it --> T1/phv/bx/it on input line 72.
LaTeX Font Info:    Overwriting math alphabet `\mathrm' in version `bold'
(Font)                  OT1/cmss/bx/n --> T1/ptm/bx/n on input line 72.
LaTeX Font Info:    Overwriting math alphabet `\mathbf' in version `bold'
(Font)                  T1/phv/bx/n --> T1/phv/bx/n on input line 72.
LaTeX Font Info:    Overwriting math alphabet `\mathsf' in version `bold'
(Font)                  T1/phv/m/n --> T1/phv/bx/n on input line 72.
LaTeX Font Info:    Overwriting math alphabet `\mathit' in version `bold'
(Font)                  T1/phv/m/it --> T1/phv/bx/it on input line 72.
LaTeX Font Info:    Overwriting math alphabet `\mathtt' in version `bold'
(Font)                  T1/pcr/m/n --> T1/pcr/bx/n on input line 72.
 (./pres_these.nav) [1
Non-PDF special ignored!
Non-PDF special ignored!
Non-PDF special ignored!{/var/lib/texmf/fonts/map/pdftex/updmap/pdftex.map}

]
(./pres_these.toc) [2

] (./pres_these.toc) [3

]
<graph/grenfell1.jpg, id=576, 1284.8pt x 881.2925pt>
File: graph/grenfell1.jpg Graphic file (type jpg)
 <use graph/grenfell1.jpg>
Overfull \vbox (5.58717pt too high) detected at line 128
 []

[4

 <./graph/grenfell1.jpg>]
<graph/grenfell11.jpg, id=675, 1284.8pt x 881.2925pt>
File: graph/grenfell11.jpg Graphic file (type jpg)

<use graph/grenfell11.jpg>
Overfull \vbox (5.58717pt too high) detected at line 128
 []

[5

 <./graph/grenfell11.jpg>]
<graph/grenfell2.jpg, id=773, 1284.8pt x 881.2925pt>
File: graph/grenfell2.jpg Graphic file (type jpg)
 <use graph/grenfell2.jpg>
Overfull \vbox (5.58717pt too high) detected at line 128
 []

[6

 <./graph/grenfell2.jpg>]
<graph/grenfell3.jpg, id=871, 1284.8pt x 881.2925pt>
File: graph/grenfell3.jpg Graphic file (type jpg)
 <use graph/grenfell3.jpg>
Overfull \vbox (5.58717pt too high) detected at line 128
 []

[7

 <./graph/grenfell3.jpg>]
<graph/grenfell0.jpg, id=969, 1284.8pt x 881.2925pt>
File: graph/grenfell0.jpg Graphic file (type jpg)
 <use graph/grenfell0.jpg>
Overfull \vbox (5.58717pt too high) detected at line 128
 []

[8

 <./graph/grenfell0.jpg>]
Missing character: There is no < in font nullfont!
Missing character: There is no 1 in font nullfont!
Missing character: There is no > in font nullfont!
LaTeX Font Info:    External font `cmex7' loaded for size
(Font)              <6> on input line 219.
LaTeX Font Info:    Try loading font information for U+msa on input line 219.

(/usr/share/texmf-texlive/tex/latex/amsfonts/umsa.fd
File: umsa.fd 2002/01/19 v2.2g AMS font definitions
)
LaTeX Font Info:    Try loading font information for U+msb on input line 219.

(/usr/share/texmf-texlive/tex/latex/amsfonts/umsb.fd
File: umsb.fd 2002/01/19 v2.2g AMS font definitions
)
LaTeX Font Info:    Font shape `T1/phv/m/it' in size <10.95> not available
(Font)              Font shape `T1/phv/m/sl' tried instead on input line 219.
LaTeX Font Info:    Font shape `T1/phv/m/it' in size <8> not available
(Font)              Font shape `T1/phv/m/sl' tried instead on input line 219.
LaTeX Font Info:    Font shape `T1/phv/m/it' in size <6> not available
(Font)              Font shape `T1/phv/m/sl' tried instead on input line 219.

Overfull \hbox (5.41266pt too wide) in paragraph at lines 219--219
[][]  
 []

LaTeX Font Info:    External font `cmex7' loaded for size
(Font)              <5> on input line 219.
LaTeX Font Info:    Font shape `T1/phv/m/it' in size <9> not available
(Font)              Font shape `T1/phv/m/sl' tried instead on input line 219.
LaTeX Font Info:    Font shape `T1/phv/m/it' in size <5> not available
(Font)              Font shape `T1/phv/m/sl' tried instead on input line 219.

Overfull \vbox (6.00293pt too high) detected at line 219
 []

[9

]
Missing character: There is no < in font nullfont!
Missing character: There is no 1 in font nullfont!
Missing character: There is no > in font nullfont!

Overfull \hbox (5.41266pt too wide) in paragraph at lines 219--219
[][]  
 []


Overfull \vbox (6.00293pt too high) detected at line 219
 []

[10

]
Missing character: There is no < in font nullfont!
Missing character: There is no 1 in font nullfont!
Missing character: There is no > in font nullfont!

Overfull \hbox (5.41266pt too wide) in paragraph at lines 219--219
[][]  
 []


Overfull \vbox (6.00293pt too high) detected at line 219
 []

[11

]
Missing character: There is no < in font nullfont!
Missing character: There is no 1 in font nullfont!
Missing character: There is no > in font nullfont!

Overfull \hbox (5.41266pt too wide) in paragraph at lines 219--219
[][]  
 []


Overfull \vbox (6.00293pt too high) detected at line 219
 []

[12

] [13

] <graph/read.jpg, id=1579, 795.97375pt x 611.28375pt>
File: graph/read.jpg Graphic file (type jpg)

<use graph/read.jpg> [14

 <./graph/read.jpg>]
File: graph/read.jpg Graphic file (type jpg)
 <use graph/read.jpg> [15

]
<graph/read2.jpg, id=1776, 778.91pt x 600.2425pt>
File: graph/read2.jpg Graphic file (type jpg)
 <use graph/read2.jpg>
[16

 <./graph/read2.jpg>]
File: graph/read2.jpg Graphic file (type jpg)
 <use graph/read2.jpg> [17

]
<acute_vs_chronic/acute1.pdf, id=1971, 650.43pt x 433.62pt>
File: acute_vs_chronic/acute1.pdf Graphic file (type pdf)

<use acute_vs_chronic/acute1.pdf> [18

 <./acute_vs_chronic/acute1.pdf>]
File: acute_vs_chronic/acute1.pdf Graphic file (type pdf)

<use acute_vs_chronic/acute1.pdf> [19

] [20

] [21

] [22

]
<graph/phylodynamics_full2.jpg, id=2461, 1284.8pt x 881.2925pt>
File: graph/phylodynamics_full2.jpg Graphic file (type jpg)

<use graph/phylodynamics_full2.jpg>
Overfull \vbox (5.2559pt too high) detected at line 291
 []

[23

 <./graph/phylodynamics_full2.jpg>] (./pres_these.toc) [24

]
<graph/struc.png, id=2673, 418.56375pt x 364.36125pt>
File: graph/struc.png Graphic file (type png)
 <use graph/struc.png>
[25

 <./graph/struc.png>]
<graph/hiromoto0.png, id=2771, 396.20964pt x 620.17744pt>
File: graph/hiromoto0.png Graphic file (type png)

<use graph/hiromoto0.png>
Overfull \vbox (23.77507pt too high) detected at line 348
 []

[26

 <./graph/hiromoto0.png>]
<graph/hiromoto1.png, id=2871, 396.20964pt x 620.17744pt>
File: graph/hiromoto1.png Graphic file (type png)

<use graph/hiromoto1.png>
Overfull \vbox (23.77507pt too high) detected at line 348
 []

[27

 <./graph/hiromoto1.png>]
<graph/hiromoto2.png, id=2970, 396.20964pt x 620.17744pt>
File: graph/hiromoto2.png Graphic file (type png)

<use graph/hiromoto2.png>
Overfull \vbox (23.77507pt too high) detected at line 348
 []

[28

 <./graph/hiromoto2.png>]
<graph/hiromoto3.png, id=3069, 396.20964pt x 620.17744pt>
File: graph/hiromoto3.png Graphic file (type png)

<use graph/hiromoto3.png>
Overfull \vbox (23.77507pt too high) detected at line 348
 []

[29

 <./graph/hiromoto3.png>]
<graph/hiromoto.png, id=3167, 396.20964pt x 620.17744pt>
File: graph/hiromoto.png Graphic file (type png)

<use graph/hiromoto.png>
Overfull \vbox (23.77507pt too high) detected at line 348
 []

[30

 <./graph/hiromoto.png>] <graph/news.png, id=3265, 649.42625pt x 538.01pt>
File: graph/news.png Graphic file (type png)

<use graph/news.png> [31

 <./graph/news.png>]
<graph/swine.png, id=3364, 399.4925pt x 464.73625pt>
File: graph/swine.png Graphic file (type png)
 <use graph/swine.png>
[32

 <./graph/swine.png>] <graph/eem1.pdf, id=3461, 661.67201pt x 562.90298pt>
File: graph/eem1.pdf Graphic file (type pdf)

<use graph/eem1.pdf>
Overfull \vbox (14.99512pt too high) detected at line 413
 []

[33

 <./graph/eem1.pdf

pdfTeX warning: pdflatex (file ./graph/eem1.pdf): PDF inclusion: Page Group det
ected which pdfTeX can't handle. Ignoring it.
>] <graph/eem2.pdf, id=3585, 661.67201pt x 562.90298pt>
File: graph/eem2.pdf Graphic file (type pdf)
 <use graph/eem2.pdf>
Overfull \vbox (14.99512pt too high) detected at line 413
 []

[34

 <./graph/eem2.pdf

pdfTeX warning: pdflatex (file ./graph/eem2.pdf): PDF inclusion: Page Group det
ected which pdfTeX can't handle. Ignoring it.
>] <graph/eem3.pdf, id=3717, 661.67201pt x 562.90298pt>
File: graph/eem3.pdf Graphic file (type pdf)
 <use graph/eem3.pdf>
Overfull \vbox (14.99512pt too high) detected at line 413
 []

[35

 <./graph/eem3.pdf

pdfTeX warning: pdflatex (file ./graph/eem3.pdf): PDF inclusion: Page Group det
ected which pdfTeX can't handle. Ignoring it.
>] (./pres_these.toc) [36

]
<graph/bitstring1.pdf, id=3988, 511.511pt x 65.846pt>
File: graph/bitstring1.pdf Graphic file (type pdf)

<use graph/bitstring1.pdf> [37

 <./graph/bitstring1.pdf

pdfTeX warning: pdflatex (file ./graph/bitstring1.pdf): PDF inclusion: Page Gro
up detected which pdfTeX can't handle. Ignoring it.
>] <graph/bitstring2.pdf, id=4097, 511.511pt x 65.846pt>
File: graph/bitstring2.pdf Graphic file (type pdf)

<use graph/bitstring2.pdf> [38

 <./graph/bitstring2.pdf

pdfTeX warning: pdflatex (file ./graph/bitstring2.pdf): PDF inclusion: Page Gro
up detected which pdfTeX can't handle. Ignoring it.
>] <graph/bitstring.pdf, id=4204, 511.511pt x 65.846pt>
File: graph/bitstring.pdf Graphic file (type pdf)

<use graph/bitstring.pdf> [39

 <./graph/bitstring.pdf

pdfTeX warning: pdflatex (file ./graph/bitstring.pdf): PDF inclusion: Page Grou
p detected which pdfTeX can't handle. Ignoring it.
>]
File: graph/bitstring.pdf Graphic file (type pdf)
 <use graph/bitstring.pdf> <graph/ferg.png, id=4311, 244.915pt x 475.7775pt>
File: graph/ferg.png Graphic file (type png)

<use graph/ferg.png> [40

 <./graph/ferg.png>]
File: graph/bitstring.pdf Graphic file (type pdf)
 <use graph/bitstring.pdf>
File: graph/ferg.png Graphic file (type png)

<use graph/ferg.png> [41

]
File: graph/ferg.png Graphic file (type png)
 <use graph/ferg.png> [42

]
File: graph/ferg.png Graphic file (type png)
 <use graph/ferg.png>
<graph/fergQ3.pdf, id=4603, 296.66096pt x 312.36702pt>
File: graph/fergQ3.pdf Graphic file (type pdf)
 <use graph/fergQ3.pdf>
[43

 <./graph/fergQ3.pdf

pdfTeX warning: pdflatex (file ./graph/fergQ3.pdf): PDF inclusion: Page Group d
etected which pdfTeX can't handle. Ignoring it.
>]
File: graph/ferg.png Graphic file (type png)
 <use graph/ferg.png>
File: graph/fergQ3.pdf Graphic file (type pdf)
 <use graph/fergQ3.pdf> [44

]
<graph/fitch.png, id=4810, 498.86375pt x 666.49pt>
File: graph/fitch.png Graphic file (type png)
 <use graph/fitch.png>
Overfull \vbox (5.94307pt too high) detected at line 609
 []

[45

 <./graph/fitch.png>]
File: graph/fitch.png Graphic file (type png)
 <use graph/fitch.png>
<graph/flu_hemagl.jpg, id=4909, 312.41719pt x 209.28188pt>
File: graph/flu_hemagl.jpg Graphic file (type jpg)

<use graph/flu_hemagl.jpg>
Overfull \hbox (6.9061pt too wide) in paragraph at lines 609--609
 [] 
 []


Overfull \vbox (5.94307pt too high) detected at line 609
 []

[46

 <./graph/flu_hemagl.jpg>]
File: graph/fitch.png Graphic file (type png)
 <use graph/fitch.png>
<graph/smith2.jpeg, id=5007, 585.18625pt x 1284.8pt>
File: graph/smith2.jpeg Graphic file (type jpg)
 <use graph/smith2.jpeg>
Overfull \vbox (7.20601pt too high) detected at line 609
 []

[47

 <./graph/smith2.jpeg>]
<graph/smith1.jpeg, id=5104, 460.72125pt x 690.58pt>
File: graph/smith1.jpeg Graphic file (type jpg)
 <use graph/smith1.jpeg>
File: graph/smith2.jpeg Graphic file (type jpg)

<use graph/smith2.jpeg>
Overfull \vbox (7.20601pt too high) detected at line 609
 []

[48

 <./graph/smith1.jpeg>]
<graph/koelle_tr_ink.pdf, id=5201, 728.32097pt x 404.712pt>
File: graph/koelle_tr_ink.pdf Graphic file (type pdf)

<use graph/koelle_tr_ink.pdf> [49

 <./graph/koelle_tr_ink.pdf

pdfTeX warning: pdflatex (file ./graph/koelle_tr_ink.pdf): PDF inclusion: Page 
Group detected which pdfTeX can't handle. Ignoring it.
>]
File: graph/koelle_tr_ink.pdf Graphic file (type pdf)
 <use graph/koelle_tr_ink.pdf> [50

] (./pres_these.toc) [51

] [52

] [53

]
[54

] [55

] (./pres_these.toc) [56

]
Overfull \vbox (3.76134pt too high) detected at line 751
 []

[57

]
Overfull \vbox (3.76134pt too high) detected at line 751
 []

[58

] <graph/tux2.pdf, id=6222, 231.26399pt x 226.446pt>
File: graph/tux2.pdf Graphic file (type pdf)
 <use graph/tux2.pdf>
Overfull \vbox (3.76134pt too high) detected at line 751
 []

[59

 <./graph/tux2.pdf

pdfTeX warning: pdflatex (file ./graph/tux2.pdf): PDF inclusion: Page Group det
ected which pdfTeX can't handle. Ignoring it.
>]
File: graph/smith1.jpeg Graphic file (type jpg)
 <use graph/smith1.jpeg>
LaTeX Font Info:    External font `cmex7' loaded for size
(Font)              <7> on input line 777.
LaTeX Font Info:    Font shape `T1/phv/m/it' in size <14.4> not available
(Font)              Font shape `T1/phv/m/sl' tried instead on input line 777.
LaTeX Font Info:    Font shape `T1/phv/m/it' in size <10> not available
(Font)              Font shape `T1/phv/m/sl' tried instead on input line 777.
LaTeX Font Info:    Font shape `T1/phv/m/it' in size <7> not available
(Font)              Font shape `T1/phv/m/sl' tried instead on input line 777.

Overfull \vbox (4.30145pt too high) detected at line 777
 []

[60

]
File: graph/smith1.jpeg Graphic file (type jpg)
 <use graph/smith1.jpeg>
Overfull \vbox (4.30145pt too high) detected at line 777
 []

[61

] <traj_theoretical12/compare1.pdf, id=6579, 505.89pt x 505.89pt>
File: traj_theoretical12/compare1.pdf Graphic file (type pdf)

<use traj_theoretical12/compare1.pdf> [62

 <./traj_theoretical12/compare1.pdf>]
<traj_theoretical12/compare2.pdf, id=6681, 505.89pt x 505.89pt>
File: traj_theoretical12/compare2.pdf Graphic file (type pdf)

<use traj_theoretical12/compare2.pdf> [63

 <./traj_theoretical12/compare2.pdf>]
[64

] [65

] [66

] [67

] [68

] [69

] [70

]
Overfull \hbox (16.16283pt too wide) in paragraph at lines 1028--1028
[]  
 []


Overfull \hbox (16.75024pt too wide) in paragraph at lines 1028--1028
[]  
 []

[71

] (./pres_these.toc) [72

]
Missing character: There is no < in font nullfont!
Missing character: There is no 1 in font nullfont!
Missing character: There is no - in font nullfont!
Missing character: There is no > in font nullfont!

Overfull \vbox (0.65248pt too high) detected at line 1111
 []

[73

]
Missing character: There is no < in font nullfont!
Missing character: There is no 1 in font nullfont!
Missing character: There is no - in font nullfont!
Missing character: There is no > in font nullfont!

Overfull \vbox (0.65248pt too high) detected at line 1111
 []

[74

]
Missing character: There is no < in font nullfont!
Missing character: There is no 1 in font nullfont!
Missing character: There is no - in font nullfont!
Missing character: There is no > in font nullfont!
 <graph/oas1.pdf, id=7873, 168.63pt x 211.189pt>
File: graph/oas1.pdf Graphic file (type pdf)
 <use graph/oas1.pdf>
Overfull \vbox (0.65248pt too high) detected at line 1111
 []

[75

 <./graph/oas1.pdf

pdfTeX warning: pdflatex (file ./graph/oas1.pdf): PDF inclusion: Page Group det
ected which pdfTeX can't handle. Ignoring it.
>]
Missing character: There is no < in font nullfont!
Missing character: There is no 1 in font nullfont!
Missing character: There is no - in font nullfont!
Missing character: There is no > in font nullfont!
 <graph/oas2.pdf, id=7973, 168.63pt x 211.189pt>
File: graph/oas2.pdf Graphic file (type pdf)
 <use graph/oas2.pdf>
Overfull \vbox (0.65248pt too high) detected at line 1111
 []

[76

 <./graph/oas2.pdf

pdfTeX warning: pdflatex (file ./graph/oas2.pdf): PDF inclusion: Page Group det
ected which pdfTeX can't handle. Ignoring it.
>]
Missing character: There is no < in font nullfont!
Missing character: There is no 1 in font nullfont!
Missing character: There is no - in font nullfont!
Missing character: There is no > in font nullfont!
File: graph/oas2.pdf Graphic file (type pdf)
 <use graph/oas2.pdf> <graph/oas3.pdf, id=8073, 168.63pt x 211.189pt>
File: graph/oas3.pdf Graphic file (type pdf)

<use graph/oas3.pdf>
Overfull \vbox (0.65248pt too high) detected at line 1111
 []

[77

 <./graph/oas3.pdf

pdfTeX warning: pdflatex (file ./graph/oas3.pdf): PDF inclusion: Page Group det
ected which pdfTeX can't handle. Ignoring it.
>]
Missing character: There is no < in font nullfont!
Missing character: There is no 1 in font nullfont!
Missing character: There is no - in font nullfont!
Missing character: There is no > in font nullfont!
File: graph/oas2.pdf Graphic file (type pdf)
 <use graph/oas2.pdf> <graph/oas4.pdf, id=8173, 168.63pt x 211.189pt>
File: graph/oas4.pdf Graphic file (type pdf)

<use graph/oas4.pdf>
Overfull \vbox (0.65248pt too high) detected at line 1111
 []

[78

 <./graph/oas4.pdf

pdfTeX warning: pdflatex (file ./graph/oas4.pdf): PDF inclusion: Page Group det
ected which pdfTeX can't handle. Ignoring it.
>]
Missing character: There is no < in font nullfont!
Missing character: There is no 1 in font nullfont!
Missing character: There is no - in font nullfont!
Missing character: There is no > in font nullfont!
File: graph/oas2.pdf Graphic file (type pdf)
 <use graph/oas2.pdf>
File: graph/oas4.pdf Graphic file (type pdf)
 <use graph/oas4.pdf>
<graph/oas5.pdf, id=8273, 168.63pt x 211.189pt>
File: graph/oas5.pdf Graphic file (type pdf)
 <use graph/oas5.pdf>
Overfull \vbox (0.65248pt too high) detected at line 1111
 []

[79

 <./graph/oas5.pdf

pdfTeX warning: pdflatex (file ./graph/oas5.pdf): PDF inclusion: Page Group det
ected which pdfTeX can't handle. Ignoring it.
>]
Missing character: There is no < in font nullfont!
Missing character: There is no 1 in font nullfont!
Missing character: There is no - in font nullfont!
Missing character: There is no > in font nullfont!
File: graph/oas2.pdf Graphic file (type pdf)
 <use graph/oas2.pdf>
File: graph/oas4.pdf Graphic file (type pdf)
 <use graph/oas4.pdf>
<graph/oas6.pdf, id=8373, 168.63pt x 211.189pt>
File: graph/oas6.pdf Graphic file (type pdf)
 <use graph/oas6.pdf>
Overfull \vbox (0.65248pt too high) detected at line 1111
 []

[80

 <./graph/oas6.pdf

pdfTeX warning: pdflatex (file ./graph/oas6.pdf): PDF inclusion: Page Group det
ected which pdfTeX can't handle. Ignoring it.
>] (./pres_these.toc) [81

] [82

] [83

]
<graph/smith2_cluster0.pdf, id=8785, 468.14899pt x 1027.84pt>
File: graph/smith2_cluster0.pdf Graphic file (type pdf)

<use graph/smith2_cluster0.pdf>
Missing character: There is no < in font nullfont!
Missing character: There is no 1 in font nullfont!
Missing character: There is no > in font nullfont!

Overfull \hbox (97.87822pt too wide) in paragraph at lines 1206--1206
[]  
 []

[84

 <./graph/smith2_cluster0.pdf

pdfTeX warning: pdflatex (file ./graph/smith2_cluster0.pdf): PDF inclusion: Pag
e Group detected which pdfTeX can't handle. Ignoring it.
>] <graph/smith3_cluster1.pdf, id=8892, 468.14899pt x 1027.84pt>
File: graph/smith3_cluster1.pdf Graphic file (type pdf)

<use graph/smith3_cluster1.pdf>
Missing character: There is no < in font nullfont!
Missing character: There is no 1 in font nullfont!
Missing character: There is no > in font nullfont!

Overfull \hbox (97.87822pt too wide) in paragraph at lines 1206--1206
[]  
 []

[85

 <./graph/smith3_cluster1.pdf

pdfTeX warning: pdflatex (file ./graph/smith3_cluster1.pdf): PDF inclusion: Pag
e Group detected which pdfTeX can't handle. Ignoring it.
>]
File: graph/smith3_cluster1.pdf Graphic file (type pdf)
 <use graph/smith3_cluster1.pdf>
Missing character: There is no < in font nullfont!
Missing character: There is no 1 in font nullfont!
Missing character: There is no > in font nullfont!

Overfull \hbox (97.87822pt too wide) in paragraph at lines 1206--1206
[]  
 []

[86

] <graph/smith3_cluster2.pdf, id=9103, 468.14899pt x 1027.84pt>
File: graph/smith3_cluster2.pdf Graphic file (type pdf)

<use graph/smith3_cluster2.pdf>
Missing character: There is no < in font nullfont!
Missing character: There is no 1 in font nullfont!
Missing character: There is no > in font nullfont!

Overfull \hbox (97.87822pt too wide) in paragraph at lines 1206--1206
[]  
 []

[87

 <./graph/smith3_cluster2.pdf

pdfTeX warning: pdflatex (file ./graph/smith3_cluster2.pdf): PDF inclusion: Pag
e Group detected which pdfTeX can't handle. Ignoring it.
>] <graph/smith3_cluster3.pdf, id=9224, 468.14899pt x 1027.84pt>
File: graph/smith3_cluster3.pdf Graphic file (type pdf)

<use graph/smith3_cluster3.pdf>
Missing character: There is no < in font nullfont!
Missing character: There is no 1 in font nullfont!
Missing character: There is no > in font nullfont!

Overfull \hbox (97.87822pt too wide) in paragraph at lines 1206--1206
[]  
 []

[88

 <./graph/smith3_cluster3.pdf

pdfTeX warning: pdflatex (file ./graph/smith3_cluster3.pdf): PDF inclusion: Pag
e Group detected which pdfTeX can't handle. Ignoring it.
>]
Overfull \hbox (10.64163pt too wide) in paragraph at lines 1276--1276
[][]  
 []

[89

] <graph/sens_sout.pdf, id=9450, 592.2125pt x 289.08pt>
File: graph/sens_sout.pdf Graphic file (type pdf)

<use graph/sens_sout.pdf> [90

 <./graph/sens_sout.pdf>]
<graph/map00.pdf, id=9553, 722.7pt x 361.35pt>
File: graph/map00.pdf Graphic file (type pdf)
 <use graph/map00.pdf>
Overfull \vbox (24.34422pt too high) detected at line 1370
 []

[91

 <./graph/map00.pdf>] <graph/map01.pdf, id=9656, 722.7pt x 361.35pt>
File: graph/map01.pdf Graphic file (type pdf)

<use graph/map01.pdf>
Overfull \vbox (24.34422pt too high) detected at line 1370
 []

[92

 <./graph/map01.pdf>] <graph/map1.pdf, id=9757, 722.7pt x 361.35pt>
File: graph/map1.pdf Graphic file (type pdf)

<use graph/map1.pdf>
Overfull \vbox (24.34422pt too high) detected at line 1370
 []

[93

 <./graph/map1.pdf>] <graph/map2.pdf, id=9858, 722.7pt x 361.35pt>
File: graph/map2.pdf Graphic file (type pdf)

<use graph/map2.pdf>
Overfull \vbox (24.34422pt too high) detected at line 1370
 []

[94

 <./graph/map2.pdf>]
<graph/traj_metapop_sout1.pdf, id=9959, 722.7pt x 578.16pt>
File: graph/traj_metapop_sout1.pdf Graphic file (type pdf)

<use graph/traj_metapop_sout1.pdf>
Overfull \vbox (18.412pt too high) detected at line 1370
 []

[95

 <./graph/traj_metapop_sout1.pdf>]
<graph/traj_metapop_sout2.pdf, id=10062, 722.7pt x 578.16pt>
File: graph/traj_metapop_sout2.pdf Graphic file (type pdf)

<use graph/traj_metapop_sout2.pdf>
Overfull \vbox (18.412pt too high) detected at line 1370
 []

[96

 <./graph/traj_metapop_sout2.pdf>]
<graph/traj_metapop_sout3.pdf, id=10165, 722.7pt x 578.16pt>
File: graph/traj_metapop_sout3.pdf Graphic file (type pdf)

<use graph/traj_metapop_sout3.pdf>
Overfull \vbox (18.412pt too high) detected at line 1370
 []

[97

 <./graph/traj_metapop_sout3.pdf>]
<graph/traj_metapop_sout4.pdf, id=10268, 722.7pt x 578.16pt>
File: graph/traj_metapop_sout4.pdf Graphic file (type pdf)

<use graph/traj_metapop_sout4.pdf>
Overfull \vbox (18.412pt too high) detected at line 1370
 []

[98

 <./graph/traj_metapop_sout4.pdf>]
<graph/dessin.pdf, id=10370, 334.85101pt x 199.94699pt>
File: graph/dessin.pdf Graphic file (type pdf)
 <use graph/dessin.pdf>
Overfull \vbox (1.67996pt too high) detected at line 1405
 []

[99

 <./graph/dessin.pdf

pdfTeX warning: pdflatex (file ./graph/dessin.pdf): PDF inclusion: Page Group d
etected which pdfTeX can't handle. Ignoring it.
>]
File: graph/dessin.pdf Graphic file (type pdf)
 <use graph/dessin.pdf>
<graph/dessin3.pdf, id=10483, 334.85101pt x 199.94699pt>
File: graph/dessin3.pdf Graphic file (type pdf)

<use graph/dessin3.pdf>
Overfull \vbox (1.67996pt too high) detected at line 1405
 []

[100

 <./graph/dessin3.pdf

pdfTeX warning: pdflatex (file ./graph/dessin3.pdf): PDF inclusion: Page Group 
detected which pdfTeX can't handle. Ignoring it.
>]
File: graph/dessin.pdf Graphic file (type pdf)
 <use graph/dessin.pdf>
File: graph/dessin3.pdf Graphic file (type pdf)
 <use graph/dessin3.pdf>
Overfull \vbox (1.67996pt too high) detected at line 1405
 []

[101

]
File: graph/dessin.pdf Graphic file (type pdf)
 <use graph/dessin.pdf>
File: graph/dessin3.pdf Graphic file (type pdf)
 <use graph/dessin3.pdf>
Overfull \vbox (1.67996pt too high) detected at line 1405
 []

[102

] (./pres_these.toc) [103

] [104

]
Overfull \hbox (5.86057pt too wide) in paragraph at lines 1479--1479
[][]  
 []

[105

]
Overfull \hbox (5.86057pt too wide) in paragraph at lines 1479--1479
[][]  
 []

[106

]
Overfull \hbox (5.86057pt too wide) in paragraph at lines 1479--1479
[][]  
 []

[107

] <graph/dessin4.pdf, id=11290, 255.63556pt x 183.74448pt>
File: graph/dessin4.pdf Graphic file (type pdf)

<use graph/dessin4.pdf> <graph/attack_r05_1.pdf, id=11291, 722.7pt x 505.89pt>
File: graph/attack_r05_1.pdf Graphic file (type pdf)

<use graph/attack_r05_1.pdf>
Overfull \vbox (5.06601pt too high) detected at line 1528
 []

[108

 <./graph/dessin4.pdf

pdfTeX warning: pdflatex (file ./graph/dessin4.pdf): PDF inclusion: Page Group 
detected which pdfTeX can't handle. Ignoring it.
> <./graph/attack_r05_1.pdf>]
File: graph/dessin4.pdf Graphic file (type pdf)
 <use graph/dessin4.pdf>
<graph/attack_r05_2.pdf, id=11405, 722.7pt x 505.89pt>
File: graph/attack_r05_2.pdf Graphic file (type pdf)

<use graph/attack_r05_2.pdf>
Overfull \vbox (5.06601pt too high) detected at line 1528
 []

[109

 <./graph/attack_r05_2.pdf>] [110

] [111

] [112

] [113

] [114

] [115

]
(./pres_these.toc) [116

] <graph/data_flu.pdf, id=12205, 578.16pt x 216.81pt>
File: graph/data_flu.pdf Graphic file (type pdf)

<use graph/data_flu.pdf>
Overfull \vbox (2.61525pt too high) detected at line 1579
 []

[117

 <./graph/data_flu.pdf>]
File: graph/data_flu.pdf Graphic file (type pdf)
 <use graph/data_flu.pdf>
Overfull \vbox (2.61525pt too high) detected at line 1579
 []

[118

] <graph/pease2.png, id=12404, 601.24625pt x 386.44376pt>
File: graph/pease2.png Graphic file (type png)

<use graph/pease2.png> [119

 <./graph/pease2.png>]
<graph/rambault.jpg, id=12501, 144.54pt x 76.8471pt>
File: graph/rambault.jpg Graphic file (type jpg)
 <use graph/rambault.jpg>
Overfull \vbox (0.80148pt too high) detected at line 1610
 []

[120

 <./graph/rambault.jpg>]
<graph/viboud.png, id=12598, 625.33624pt x 491.8375pt>
File: graph/viboud.png Graphic file (type png)
 <use graph/viboud.png>
[121

 <./graph/viboud.png (PNG copy)>]
<graph/sirs.pdf, id=12696, 166.0021pt x 111.55553pt>
File: graph/sirs.pdf Graphic file (type pdf)
 <use graph/sirs.pdf>
Overfull \hbox (46.55708pt too wide) in paragraph at lines 1650--1650
[]  
 []

[122

 <./graph/sirs.pdf

pdfTeX warning: pdflatex (file ./graph/sirs.pdf): PDF inclusion: Page Group det
ected which pdfTeX can't handle. Ignoring it.
>]
File: graph/sirs.pdf Graphic file (type pdf)
 <use graph/sirs.pdf>
Overfull \hbox (46.55708pt too wide) in paragraph at lines 1650--1650
[]  
 []

[123

] (./pres_these.toc) [124

]
<graph/pres1upca.pdf, id=13006, 722.7pt x 289.08pt>
File: graph/pres1upca.pdf Graphic file (type pdf)
 <use graph/pres1upca.pdf>
[125

 <./graph/pres1upca.pdf>]
<graph/main20.png, id=13107, 596.9502pt x 244.9953pt>
File: graph/main20.png Graphic file (type png)
 <use graph/main20.png>
[126

 <./graph/main20.png>]
File: graph/data_flu.pdf Graphic file (type pdf)
 <use graph/data_flu.pdf>
Overfull \vbox (5.58763pt too high) detected at line 1718
 []

[127

]
File: graph/data_flu.pdf Graphic file (type pdf)
 <use graph/data_flu.pdf>
Overfull \vbox (5.58763pt too high) detected at line 1718
 []

[128

] <graph/main2.png, id=13399, 596.9502pt x 492.1587pt>
File: graph/main2.png Graphic file (type png)

<use graph/main2.png>
Overfull \vbox (44.56177pt too high) detected at line 1732
 []

[129

 <./graph/main2.png>]
<graph/all_reconstructed_bernard_theo0.pdf, id=13497, 505.89pt x 650.43pt>
File: graph/all_reconstructed_bernard_theo0.pdf Graphic file (type pdf)

<use graph/all_reconstructed_bernard_theo0.pdf> [130

 <./graph/all_reconstructed_bernard_theo0.pdf>]
<graph/all_reconstructed_bernard_theo1.pdf, id=13599, 505.89pt x 650.43pt>
File: graph/all_reconstructed_bernard_theo1.pdf Graphic file (type pdf)

<use graph/all_reconstructed_bernard_theo1.pdf> [131

 <./graph/all_reconstructed_bernard_theo1.pdf>]
<graph/all_reconstructed_bernard_theo.pdf, id=13700, 505.89pt x 650.43pt>
File: graph/all_reconstructed_bernard_theo.pdf Graphic file (type pdf)

<use graph/all_reconstructed_bernard_theo.pdf> [132

 <./graph/all_reconstructed_bernard_theo.pdf>] (./pres_these.toc) [133

] [134

]
<graph/r0_mex.pdf, id=14012, 722.7pt x 361.35pt>
File: graph/r0_mex.pdf Graphic file (type pdf)
 <use graph/r0_mex.pdf>
[135

 <./graph/r0_mex.pdf>]
Overfull \hbox (46.24886pt too wide) in paragraph at lines 1932--1932
[]  
 []

[136

] <graph/metapopupca0.pdf, id=14211, 722.7pt x 289.08pt>
File: graph/metapopupca0.pdf Graphic file (type pdf)

<use graph/metapopupca0.pdf>
Overfull \vbox (9.215pt too high) detected at line 1954
 []

[137

 <./graph/metapopupca0.pdf>]
<graph/metapopupca1.pdf, id=14313, 722.7pt x 289.08pt>
File: graph/metapopupca1.pdf Graphic file (type pdf)

<use graph/metapopupca1.pdf>
Overfull \vbox (9.215pt too high) detected at line 1954
 []

[138

 <./graph/metapopupca1.pdf>] [139

] [140

] [141

] [142

] [143

]
(./pres_these.toc) [144

]
Overfull \vbox (9.14177pt too high) detected at line 2015
 []

[145

]
Overfull \vbox (9.14177pt too high) detected at line 2015
 []

[146

]
Overfull \vbox (9.14177pt too high) detected at line 2015
 []

[147

] [148

] [149

] (./pres_these.toc) [150

]
Missing character: There is no < in font nullfont!
Missing character: There is no 1 in font nullfont!
Missing character: There is no > in font nullfont!
 [151

]
Missing character: There is no < in font nullfont!
Missing character: There is no 1 in font nullfont!
Missing character: There is no > in font nullfont!
 [152

]
<graph/traj_replace.png, id=15804, 866.5173pt x 216.0873pt>
File: graph/traj_replace.png Graphic file (type png)

<use graph/traj_replace.png>
Overfull \vbox (2.90233pt too high) detected at line 2118
 []

[153

 <./graph/traj_replace.png>]
File: graph/traj_replace.png Graphic file (type png)
 <use graph/traj_replace.png>
Overfull \vbox (2.90233pt too high) detected at line 2118
 []

[154

] <graph/thanks.pdf, id=15999, 1446.20305pt x 964.40298pt>
File: graph/thanks.pdf Graphic file (type pdf)

<use graph/thanks.pdf>
Overfull \vbox (4.80768pt too high) detected at line 2140
 []

[155

 <./graph/thanks.pdf

pdfTeX warning: pdflatex (file ./graph/thanks.pdf): PDF inclusion: Page Group d
etected which pdfTeX can't handle. Ignoring it.
>] [156

] [157

] <graph/lange_hiv.jpg, id=16190, 240.05359pt x 172.47137pt>
File: graph/lange_hiv.jpg Graphic file (type jpg)

<use graph/lange_hiv.jpg> [158

 <./graph/lange_hiv.jpg>]
<graph/lange.jpg, id=16217, 350.7504pt x 295.1025pt>
File: graph/lange.jpg Graphic file (type jpg)
 <use graph/lange.jpg>
[159

 <./graph/lange.jpg>] [160

] [161

] [162

] [163

]
<graph/threshold_koelle.pdf, id=16355, 433.62pt x 433.62pt>
File: graph/threshold_koelle.pdf Graphic file (type pdf)

<use graph/threshold_koelle.pdf> [164

 <./graph/threshold_koelle.pdf>]
<graph/threshold_koelle2.pdf, id=16388, 433.62pt x 433.62pt>
File: graph/threshold_koelle2.pdf Graphic file (type pdf)

<use graph/threshold_koelle2.pdf> [165

 <./graph/threshold_koelle2.pdf>]
<graph/eq_end_sout.pdf, id=16422, 794.97pt x 433.62pt>
File: graph/eq_end_sout.pdf Graphic file (type pdf)

<use graph/eq_end_sout.pdf> [166

 <./graph/eq_end_sout.pdf>]
<graph/threshold_sout.pdf, id=16456, 650.43pt x 216.81pt>
File: graph/threshold_sout.pdf Graphic file (type pdf)

<use graph/threshold_sout.pdf> [167

 <./graph/threshold_sout.pdf>]
<graph/sens_sout2.pdf, id=16489, 592.2125pt x 433.62pt>
File: graph/sens_sout2.pdf Graphic file (type pdf)

<use graph/sens_sout2.pdf> [168

 <./graph/sens_sout2.pdf>]
<graph/sens_sout3.pdf, id=16522, 592.2125pt x 433.62pt>
File: graph/sens_sout3.pdf Graphic file (type pdf)

<use graph/sens_sout3.pdf> [169

 <./graph/sens_sout3.pdf>]
\tf@nav=\write6
\openout6 = `pres_these.nav'.

\tf@toc=\write7
\openout7 = `pres_these.toc'.

\tf@snm=\write8
\openout8 = `pres_these.snm'.

 (./pres_these.aux) ) 
Here is how much of TeX's memory you used:
 18941 strings out of 95063
 355196 string characters out of 1182609
 525168 words of memory out of 1500000
 21142 multiletter control sequences out of 10000+50000
 64043 words of font info for 90 fonts, out of 1200000 for 2000
 28 hyphenation exceptions out of 8191
 43i,21n,65p,364b,1277s stack positions out of 5000i,500n,6000p,200000b,5000s
{/usr/share/texmf-texlive/fonts/enc/dvips/base/8r.enc}</us
r/share/texmf-texlive/fonts/type1/bluesky/cm/cmex10.pfb></usr/share/texmf-texli
ve/fonts/type1/bluesky/cm/cmmi10.pfb></usr/share/texmf-texlive/fonts/type1/blue
sky/cm/cmmi5.pfb></usr/share/texmf-texlive/fonts/type1/bluesky/cm/cmmi6.pfb></u
sr/share/texmf-texlive/fonts/type1/bluesky/cm/cmmi8.pfb></usr/share/texmf-texli
ve/fonts/type1/bluesky/cm/cmmi9.pfb></usr/share/texmf-texlive/fonts/type1/blues
ky/cm/cmss10.pfb></usr/share/texmf-texlive/fonts/type1/bluesky/cm/cmss8.pfb></u
sr/share/texmf-texlive/fonts/type1/bluesky/cm/cmss9.pfb></usr/share/texmf-texli
ve/fonts/type1/bluesky/cm/cmsy10.pfb></usr/share/texmf-texlive/fonts/type1/blue
sky/cm/cmsy5.pfb></usr/share/texmf-texlive/fonts/type1/bluesky/cm/cmsy6.pfb></u
sr/share/texmf-texlive/fonts/type1/bluesky/cm/cmsy8.pfb></usr/share/texmf-texli
ve/fonts/type1/bluesky/cm/cmsy9.pfb></usr/share/texmf-texlive/fonts/type1/publi
c/cmex/fmex7.pfb></usr/share/texmf-texlive/fonts/type1/bluesky/ams/msbm5.pfb></
usr/share/texmf-texlive/fonts/type1/bluesky/ams/msbm7.pfb></usr/share/texmf-tex
live/fonts/type1/urw/helvetic/uhvr8a.pfb></usr/share/texmf-texlive/fonts/type1/
urw/helvetic/uhvro8a.pfb>
Output written on pres_these.pdf (169 pages, 18531712 bytes).
PDF statistics:
 16697 PDF objects out of 18468 (max. 8388607)
 358 named destinations out of 1000 (max. 131072)
 798 words of extra memory for PDF output out of 10000 (max. 10000000)

