This is pdfTeXk, Version 3.141592-1.40.3 (Web2C 7.5.6) (format=latex 2010.1.21)  7 APR 2010 12:39
entering extended mode
 %&-line parsing enabled.
**\input phD.tex
(./phD.tex (/usr/share/texmf-texlive/tex/latex/base/report.cls
Document Class: report 2005/09/16 v1.4f Standard LaTeX document class
(/usr/share/texmf-texlive/tex/latex/base/size12.clo
File: size12.clo 2005/09/16 v1.4f Standard LaTeX file (size option)
)
\c@part=\count79
\c@chapter=\count80
\c@section=\count81
\c@subsection=\count82
\c@subsubsection=\count83
\c@paragraph=\count84
\c@subparagraph=\count85
\c@figure=\count86
\c@table=\count87
\abovecaptionskip=\skip41
\belowcaptionskip=\skip42
\bibindent=\dimen102
)
(/usr/share/texmf-texlive/tex/latex/base/inputenc.sty
Package: inputenc 2006/05/05 v1.1b Input encoding file
\inpenc@prehook=\toks14
\inpenc@posthook=\toks15

(/usr/share/texmf-texlive/tex/latex/base/utf8.def
File: utf8.def 2006/03/30 v1.1i UTF-8 support for inputenc
Now handling font encoding OML ...
... no UTF-8 mapping file for font encoding OML
Now handling font encoding T1 ...
... processing UTF-8 mapping file for font encodingT1

(/usr/share/texmf-texlive/tex/latex/base/t1enc.dfu
File: t1enc.dfu 2006/03/30 v1.1i UTF-8 support for inputenc
   defining Unicode char U+00A1 (decimal 161)
   defining Unicode char U+00A3 (decimal 163)
   defining Unicode char U+00AB (decimal 171)
   defining Unicode char U+00BB (decimal 187)
   defining Unicode char U+00BF (decimal 191)
   defining Unicode char U+00C0 (decimal 192)
   defining Unicode char U+00C1 (decimal 193)
   defining Unicode char U+00C2 (decimal 194)
   defining Unicode char U+00C3 (decimal 195)
   defining Unicode char U+00C4 (decimal 196)
   defining Unicode char U+00C5 (decimal 197)
   defining Unicode char U+00C6 (decimal 198)
   defining Unicode char U+00C7 (decimal 199)
   defining Unicode char U+00C8 (decimal 200)
   defining Unicode char U+00C9 (decimal 201)
   defining Unicode char U+00CA (decimal 202)
   defining Unicode char U+00CB (decimal 203)
   defining Unicode char U+00CC (decimal 204)
   defining Unicode char U+00CD (decimal 205)
   defining Unicode char U+00CE (decimal 206)
   defining Unicode char U+00CF (decimal 207)
   defining Unicode char U+00D0 (decimal 208)
   defining Unicode char U+00D1 (decimal 209)
   defining Unicode char U+00D2 (decimal 210)
   defining Unicode char U+00D3 (decimal 211)
   defining Unicode char U+00D4 (decimal 212)
   defining Unicode char U+00D5 (decimal 213)
   defining Unicode char U+00D6 (decimal 214)
   defining Unicode char U+00D8 (decimal 216)
   defining Unicode char U+00D9 (decimal 217)
   defining Unicode char U+00DA (decimal 218)
   defining Unicode char U+00DB (decimal 219)
   defining Unicode char U+00DC (decimal 220)
   defining Unicode char U+00DD (decimal 221)
   defining Unicode char U+00DE (decimal 222)
   defining Unicode char U+00DF (decimal 223)
   defining Unicode char U+00E0 (decimal 224)
   defining Unicode char U+00E1 (decimal 225)
   defining Unicode char U+00E2 (decimal 226)
   defining Unicode char U+00E3 (decimal 227)
   defining Unicode char U+00E4 (decimal 228)
   defining Unicode char U+00E5 (decimal 229)
   defining Unicode char U+00E6 (decimal 230)
   defining Unicode char U+00E7 (decimal 231)
   defining Unicode char U+00E8 (decimal 232)
   defining Unicode char U+00E9 (decimal 233)
   defining Unicode char U+00EA (decimal 234)
   defining Unicode char U+00EB (decimal 235)
   defining Unicode char U+00EC (decimal 236)
   defining Unicode char U+00ED (decimal 237)
   defining Unicode char U+00EE (decimal 238)
   defining Unicode char U+00EF (decimal 239)
   defining Unicode char U+00F0 (decimal 240)
   defining Unicode char U+00F1 (decimal 241)
   defining Unicode char U+00F2 (decimal 242)
   defining Unicode char U+00F3 (decimal 243)
   defining Unicode char U+00F4 (decimal 244)
   defining Unicode char U+00F5 (decimal 245)
   defining Unicode char U+00F6 (decimal 246)
   defining Unicode char U+00F8 (decimal 248)
   defining Unicode char U+00F9 (decimal 249)
   defining Unicode char U+00FA (decimal 250)
   defining Unicode char U+00FB (decimal 251)
   defining Unicode char U+00FC (decimal 252)
   defining Unicode char U+00FD (decimal 253)
   defining Unicode char U+00FE (decimal 254)
   defining Unicode char U+00FF (decimal 255)
   defining Unicode char U+0102 (decimal 258)
   defining Unicode char U+0103 (decimal 259)
   defining Unicode char U+0104 (decimal 260)
   defining Unicode char U+0105 (decimal 261)
   defining Unicode char U+0106 (decimal 262)
   defining Unicode char U+0107 (decimal 263)
   defining Unicode char U+010C (decimal 268)
   defining Unicode char U+010D (decimal 269)
   defining Unicode char U+010E (decimal 270)
   defining Unicode char U+010F (decimal 271)
   defining Unicode char U+0110 (decimal 272)
   defining Unicode char U+0111 (decimal 273)
   defining Unicode char U+0118 (decimal 280)
   defining Unicode char U+0119 (decimal 281)
   defining Unicode char U+011A (decimal 282)
   defining Unicode char U+011B (decimal 283)
   defining Unicode char U+011E (decimal 286)
   defining Unicode char U+011F (decimal 287)
   defining Unicode char U+0130 (decimal 304)
   defining Unicode char U+0131 (decimal 305)
   defining Unicode char U+0132 (decimal 306)
   defining Unicode char U+0133 (decimal 307)
   defining Unicode char U+0139 (decimal 313)
   defining Unicode char U+013A (decimal 314)
   defining Unicode char U+013D (decimal 317)
   defining Unicode char U+013E (decimal 318)
   defining Unicode char U+0141 (decimal 321)
   defining Unicode char U+0142 (decimal 322)
   defining Unicode char U+0143 (decimal 323)
   defining Unicode char U+0144 (decimal 324)
   defining Unicode char U+0147 (decimal 327)
   defining Unicode char U+0148 (decimal 328)
   defining Unicode char U+014A (decimal 330)
   defining Unicode char U+014B (decimal 331)
   defining Unicode char U+0150 (decimal 336)
   defining Unicode char U+0151 (decimal 337)
   defining Unicode char U+0152 (decimal 338)
   defining Unicode char U+0153 (decimal 339)
   defining Unicode char U+0154 (decimal 340)
   defining Unicode char U+0155 (decimal 341)
   defining Unicode char U+0158 (decimal 344)
   defining Unicode char U+0159 (decimal 345)
   defining Unicode char U+015A (decimal 346)
   defining Unicode char U+015B (decimal 347)
   defining Unicode char U+015E (decimal 350)
   defining Unicode char U+015F (decimal 351)
   defining Unicode char U+0160 (decimal 352)
   defining Unicode char U+0161 (decimal 353)
   defining Unicode char U+0162 (decimal 354)
   defining Unicode char U+0163 (decimal 355)
   defining Unicode char U+0164 (decimal 356)
   defining Unicode char U+0165 (decimal 357)
   defining Unicode char U+016E (decimal 366)
   defining Unicode char U+016F (decimal 367)
   defining Unicode char U+0170 (decimal 368)
   defining Unicode char U+0171 (decimal 369)
   defining Unicode char U+0178 (decimal 376)
   defining Unicode char U+0179 (decimal 377)
   defining Unicode char U+017A (decimal 378)
   defining Unicode char U+017B (decimal 379)
   defining Unicode char U+017C (decimal 380)
   defining Unicode char U+017D (decimal 381)
   defining Unicode char U+017E (decimal 382)
   defining Unicode char U+200C (decimal 8204)
   defining Unicode char U+2013 (decimal 8211)
   defining Unicode char U+2014 (decimal 8212)
   defining Unicode char U+2018 (decimal 8216)
   defining Unicode char U+2019 (decimal 8217)
   defining Unicode char U+201A (decimal 8218)
   defining Unicode char U+201C (decimal 8220)
   defining Unicode char U+201D (decimal 8221)
   defining Unicode char U+201E (decimal 8222)
   defining Unicode char U+2030 (decimal 8240)
   defining Unicode char U+2031 (decimal 8241)
   defining Unicode char U+2039 (decimal 8249)
   defining Unicode char U+203A (decimal 8250)
   defining Unicode char U+2423 (decimal 9251)
)
Now handling font encoding OT1 ...
... processing UTF-8 mapping file for font encodingOT1

(/usr/share/texmf-texlive/tex/latex/base/ot1enc.dfu
File: ot1enc.dfu 2006/03/30 v1.1i UTF-8 support for inputenc
   defining Unicode char U+00A1 (decimal 161)
   defining Unicode char U+00A3 (decimal 163)
   defining Unicode char U+00B8 (decimal 184)
   defining Unicode char U+00BF (decimal 191)
   defining Unicode char U+00C5 (decimal 197)
   defining Unicode char U+00C6 (decimal 198)
   defining Unicode char U+00D8 (decimal 216)
   defining Unicode char U+00DF (decimal 223)
   defining Unicode char U+00E6 (decimal 230)
   defining Unicode char U+00EC (decimal 236)
   defining Unicode char U+00ED (decimal 237)
   defining Unicode char U+00EE (decimal 238)
   defining Unicode char U+00EF (decimal 239)
   defining Unicode char U+00F8 (decimal 248)
   defining Unicode char U+0131 (decimal 305)
   defining Unicode char U+0141 (decimal 321)
   defining Unicode char U+0142 (decimal 322)
   defining Unicode char U+0152 (decimal 338)
   defining Unicode char U+0153 (decimal 339)
   defining Unicode char U+2013 (decimal 8211)
   defining Unicode char U+2014 (decimal 8212)
   defining Unicode char U+2018 (decimal 8216)
   defining Unicode char U+2019 (decimal 8217)
   defining Unicode char U+201C (decimal 8220)
   defining Unicode char U+201D (decimal 8221)
)
Now handling font encoding OMS ...
... processing UTF-8 mapping file for font encodingOMS

(/usr/share/texmf-texlive/tex/latex/base/omsenc.dfu
File: omsenc.dfu 2006/03/30 v1.1i UTF-8 support for inputenc
   defining Unicode char U+00A7 (decimal 167)
   defining Unicode char U+00B6 (decimal 182)
   defining Unicode char U+00B7 (decimal 183)
   defining Unicode char U+2020 (decimal 8224)
   defining Unicode char U+2021 (decimal 8225)
   defining Unicode char U+2022 (decimal 8226)
)
Now handling font encoding OMX ...
... no UTF-8 mapping file for font encoding OMX
Now handling font encoding U ...
... no UTF-8 mapping file for font encoding U
   defining Unicode char U+00A9 (decimal 169)
   defining Unicode char U+00AA (decimal 170)
   defining Unicode char U+00AE (decimal 174)
   defining Unicode char U+00BA (decimal 186)
   defining Unicode char U+02C6 (decimal 710)
   defining Unicode char U+02DC (decimal 732)
   defining Unicode char U+200C (decimal 8204)
   defining Unicode char U+2026 (decimal 8230)
   defining Unicode char U+2122 (decimal 8482)
   defining Unicode char U+2423 (decimal 9251)
))
(/usr/share/texmf-texlive/tex/generic/babel/babel.sty
Package: babel 2005/11/23 v3.8h The Babel package

(/usr/share/texmf-texlive/tex/generic/babel/frenchb.ldf
Language: french 2005/02/06 v1.6g French support from the babel system

(/usr/share/texmf-texlive/tex/generic/babel/babel.def
File: babel.def 2005/11/23 v3.8h Babel common definitions
\babel@savecnt=\count88
\U@D=\dimen103
)
Package babel Info: Making : an active character on input line 219.
Package babel Info: Making ; an active character on input line 220.
Package babel Info: Making ! an active character on input line 221.
Package babel Info: Making ? an active character on input line 222.
LaTeX Font Info:    Redeclaring font encoding T1 on input line 299.
\parindentFFN=\dimen104
\std@mcc=\count89
\dec@mcc=\count90

*************************************
* Local config file frenchb.cfg used
*
(/usr/share/texmf-texlive/tex/generic/babel/frenchb.cfg)))
(/usr/share/texmf-texlive/tex/latex/tools/array.sty
Package: array 2005/08/23 v2.4b Tabular extension package (FMi)
\col@sep=\dimen105
\extrarowheight=\dimen106
\NC@list=\toks16
\extratabsurround=\skip43
\backup@length=\skip44
)
(/usr/share/texmf-texlive/tex/latex/multirow/multirow.sty
\bigstrutjot=\dimen107
)
(/usr/share/texmf-texlive/tex/latex/tools/multicol.sty
Package: multicol 2006/05/18 v1.6g multicolumn formatting (FMi)
\c@tracingmulticols=\count91
\mult@box=\box26
\multicol@leftmargin=\dimen108
\c@unbalance=\count92
\c@collectmore=\count93
\doublecol@number=\count94
\multicoltolerance=\count95
\multicolpretolerance=\count96
\full@width=\dimen109
\page@free=\dimen110
\premulticols=\dimen111
\postmulticols=\dimen112
\multicolsep=\skip45
\multicolbaselineskip=\skip46
\partial@page=\box27
\last@line=\box28
\mult@rightbox=\box29
\mult@grightbox=\box30
\mult@gfirstbox=\box31
\mult@firstbox=\box32
\@tempa=\box33
\@tempa=\box34
\@tempa=\box35
\@tempa=\box36
\@tempa=\box37
\@tempa=\box38
\@tempa=\box39
\@tempa=\box40
\@tempa=\box41
\@tempa=\box42
\@tempa=\box43
\@tempa=\box44
\@tempa=\box45
\@tempa=\box46
\@tempa=\box47
\@tempa=\box48
\@tempa=\box49
\c@columnbadness=\count97
\c@finalcolumnbadness=\count98
\last@try=\dimen113
\multicolovershoot=\dimen114
\multicolundershoot=\dimen115
\mult@nat@firstbox=\box50
\colbreak@box=\box51
)
(/usr/share/texmf-texlive/tex/latex/ltxmisc/url.sty
\Urlmuskip=\muskip10
Package: url 2005/06/27  ver 3.2  Verb mode for urls, etc.
)
(/usr/share/texmf-texlive/tex/latex/graphics/graphicx.sty
Package: graphicx 1999/02/16 v1.0f Enhanced LaTeX Graphics (DPC,SPQR)

(/usr/share/texmf-texlive/tex/latex/graphics/keyval.sty
Package: keyval 1999/03/16 v1.13 key=value parser (DPC)
\KV@toks@=\toks17
)
(/usr/share/texmf-texlive/tex/latex/graphics/graphics.sty
Package: graphics 2006/02/20 v1.0o Standard LaTeX Graphics (DPC,SPQR)

(/usr/share/texmf-texlive/tex/latex/graphics/trig.sty
Package: trig 1999/03/16 v1.09 sin cos tan (DPC)
)
(/etc/texmf/tex/latex/config/graphics.cfg
File: graphics.cfg 2007/01/18 v1.5 graphics configuration of teTeX/TeXLive
)
Package graphics Info: Driver file: dvips.def on input line 90.

(/usr/share/texmf-texlive/tex/latex/graphics/dvips.def
File: dvips.def 1999/02/16 v3.0i Driver-dependant file (DPC,SPQR)
))
\Gin@req@height=\dimen116
\Gin@req@width=\dimen117
)
(/usr/share/texmf-texlive/tex/latex/float/float.sty
Package: float 2001/11/08 v1.3d Float enhancements (AL)
\c@float@type=\count99
\float@exts=\toks18
\float@box=\box52
\@float@everytoks=\toks19
\@floatcapt=\box53
)
(/usr/share/texmf-texlive/tex/latex/caption/caption.sty
Package: caption 2007/01/07 v3.0k Customising captions (AR)

(/usr/share/texmf-texlive/tex/latex/caption/caption3.sty
Package: caption3 2007/01/07 v3.0k caption3 kernel (AR)
\captionmargin=\dimen118
\captionmarginx=\dimen119
\captionwidth=\dimen120
\captionindent=\dimen121
\captionparindent=\dimen122
\captionhangindent=\dimen123
)
Package caption Info: float package v1.3 (or newer) detected on input line 275.

)
(/usr/share/texmf-texlive/tex/latex/amsmath/amsmath.sty
Package: amsmath 2000/07/18 v2.13 AMS math features
\@mathmargin=\skip47

For additional information on amsmath, use the `?' option.
(/usr/share/texmf-texlive/tex/latex/amsmath/amstext.sty
Package: amstext 2000/06/29 v2.01

(/usr/share/texmf-texlive/tex/latex/amsmath/amsgen.sty
File: amsgen.sty 1999/11/30 v2.0
\@emptytoks=\toks20
\ex@=\dimen124
))
(/usr/share/texmf-texlive/tex/latex/amsmath/amsbsy.sty
Package: amsbsy 1999/11/29 v1.2d
\pmbraise@=\dimen125
)
(/usr/share/texmf-texlive/tex/latex/amsmath/amsopn.sty
Package: amsopn 1999/12/14 v2.01 operator names
)
\inf@bad=\count100
LaTeX Info: Redefining \frac on input line 211.
\uproot@=\count101
\leftroot@=\count102
LaTeX Info: Redefining \overline on input line 307.
\classnum@=\count103
\DOTSCASE@=\count104
LaTeX Info: Redefining \ldots on input line 379.
LaTeX Info: Redefining \dots on input line 382.
LaTeX Info: Redefining \cdots on input line 467.
\Mathstrutbox@=\box54
\strutbox@=\box55
\big@size=\dimen126
LaTeX Font Info:    Redeclaring font encoding OML on input line 567.
LaTeX Font Info:    Redeclaring font encoding OMS on input line 568.
\macc@depth=\count105
\c@MaxMatrixCols=\count106
\dotsspace@=\muskip11
\c@parentequation=\count107
\dspbrk@lvl=\count108
\tag@help=\toks21
\row@=\count109
\column@=\count110
\maxfields@=\count111
\andhelp@=\toks22
\eqnshift@=\dimen127
\alignsep@=\dimen128
\tagshift@=\dimen129
\tagwidth@=\dimen130
\totwidth@=\dimen131
\lineht@=\dimen132
\@envbody=\toks23
\multlinegap=\skip48
\multlinetaggap=\skip49
\mathdisplay@stack=\toks24
LaTeX Info: Redefining \[ on input line 2666.
LaTeX Info: Redefining \] on input line 2667.
)
(/usr/share/texmf-texlive/tex/latex/amsfonts/amssymb.sty
Package: amssymb 2002/01/22 v2.2d

(/usr/share/texmf-texlive/tex/latex/amsfonts/amsfonts.sty
Package: amsfonts 2001/10/25 v2.2f
\symAMSa=\mathgroup4
\symAMSb=\mathgroup5
LaTeX Font Info:    Overwriting math alphabet `\mathfrak' in version `bold'
(Font)                  U/euf/m/n --> U/euf/b/n on input line 132.
))
(/usr/share/texmf-texlive/tex/latex/jknapltx/mathrsfs.sty
Package: mathrsfs 1996/01/01 Math RSFS package v1.0 (jk)
\symrsfs=\mathgroup6
)
(/usr/share/texmf-texlive/tex/latex/natbib/natbib.sty
Package: natbib 2007/02/05 8.0 (PWD)
\bibhang=\skip50
\bibsep=\skip51
LaTeX Info: Redefining \cite on input line 602.
\c@NAT@ctr=\count112
)
(/usr/share/texmf-texlive/tex/latex/graphics/color.sty
Package: color 2005/11/14 v1.0j Standard LaTeX Color (DPC)

(/etc/texmf/tex/latex/config/color.cfg
File: color.cfg 2007/01/18 v1.5 color configuration of teTeX/TeXLive
)
Package color Info: Driver file: dvips.def on input line 130.

(/usr/share/texmf-texlive/tex/latex/graphics/dvipsnam.def
File: dvipsnam.def 1999/02/16 v3.0i Driver-dependant file (DPC,SPQR)
))
(/usr/share/texmf/tex/latex/pgf/basiclayer/pgf.sty
(/usr/share/texmf/tex/latex/pgf/utilities/pgfrcs.sty
(/usr/share/texmf/tex/generic/pgf/utilities/pgfutil-common.tex
\pgfutil@everybye=\toks25
)
(/usr/share/texmf/tex/generic/pgf/utilities/pgfutil-latex.def)
(/usr/share/texmf/tex/generic/pgf/utilities/pgfrcs.code.tex
Package: pgfrcs 2008/02/20 v2.00 (rcs-revision 1.21)
))
Package: pgf 2008/01/15 v2.00 (rcs-revision 1.12)

(/usr/share/texmf/tex/latex/pgf/basiclayer/pgfcore.sty
(/usr/share/texmf/tex/latex/pgf/systemlayer/pgfsys.sty
(/usr/share/texmf/tex/generic/pgf/systemlayer/pgfsys.code.tex
Package: pgfsys 2008/02/07 v2.00 (rcs-revision 1.31)

(/usr/share/texmf/tex/generic/pgf/utilities/pgfkeys.code.tex
\pgfkeys@pathtoks=\toks26
\pgfkeys@temptoks=\toks27
)
\pgf@x=\dimen133
\pgf@y=\dimen134
\pgf@xa=\dimen135
\pgf@ya=\dimen136
\pgf@xb=\dimen137
\pgf@yb=\dimen138
\pgf@xc=\dimen139
\pgf@yc=\dimen140
\c@pgf@counta=\count113
\c@pgf@countb=\count114
\c@pgf@countc=\count115
\c@pgf@countd=\count116

(/usr/share/texmf/tex/generic/pgf/systemlayer/pgf.cfg
File: pgf.cfg 2008/01/13  (rcs-revision 1.6)
)
Package pgfsys Info: Driver file for pgf: pgfsys-dvips.def on input line 885.

(/usr/share/texmf/tex/generic/pgf/systemlayer/pgfsys-dvips.def
File: pgfsys-dvips.def 2007/12/12  (rcs-revision 1.19)

(/usr/share/texmf/tex/generic/pgf/systemlayer/pgfsys-common-postscript.def
File: pgfsys-common-postscript.def 2008/02/07  (rcs-revision 1.18)
\pgf@objectcount=\count117
)))
(/usr/share/texmf/tex/generic/pgf/systemlayer/pgfsyssoftpath.code.tex
File: pgfsyssoftpath.code.tex 2008/01/23  (rcs-revision 1.6)
\pgfsyssoftpath@smallbuffer@items=\count118
\pgfsyssoftpath@bigbuffer@items=\count119
)
(/usr/share/texmf/tex/generic/pgf/systemlayer/pgfsysprotocol.code.tex
File: pgfsysprotocol.code.tex 2006/10/16  (rcs-revision 1.4)
))
(/usr/share/texmf/tex/latex/xcolor/xcolor.sty
Package: xcolor 2007/01/21 v2.11 LaTeX color extensions (UK)

(/etc/texmf/tex/latex/config/color.cfg
File: color.cfg 2007/01/18 v1.5 color configuration of teTeX/TeXLive
)
Package xcolor Info: Driver file: dvips.def on input line 225.
LaTeX Info: Redefining \color on input line 702.
Package xcolor Info: Model `cmy' substituted by `cmy0' on input line 1337.
Package xcolor Info: Model `RGB' extended on input line 1353.
Package xcolor Info: Model `HTML' substituted by `rgb' on input line 1355.
Package xcolor Info: Model `Hsb' substituted by `hsb' on input line 1356.
Package xcolor Info: Model `tHsb' substituted by `hsb' on input line 1357.
Package xcolor Info: Model `HSB' substituted by `hsb' on input line 1358.
Package xcolor Info: Model `Gray' substituted by `gray' on input line 1359.
Package xcolor Info: Model `wave' substituted by `hsb' on input line 1360.
)
(/usr/share/texmf/tex/generic/pgf/basiclayer/pgfcore.code.tex
Package: pgfcore 2008/01/15 v2.00 (rcs-revision 1.6)

(/usr/share/texmf/tex/generic/pgf/math/pgfmath.code.tex
(/usr/share/texmf/tex/generic/pgf/math/pgfmathcalc.code.tex
(/usr/share/texmf/tex/generic/pgf/math/pgfmathutil.code.tex
\pgfmath@box=\box56
)
(/usr/share/texmf/tex/generic/pgf/math/pgfmathparser.code.tex
\pgfmath@stack=\toks28
\c@pgfmath@parsecounta=\count120
\c@pgfmath@parsecountb=\count121
\c@pgfmath@parsecountc=\count122
\pgfmath@parsex=\dimen141
)
(/usr/share/texmf/tex/generic/pgf/math/pgfmathoperations.code.tex
(/usr/share/texmf/tex/generic/pgf/math/pgfmathtrig.code.tex)
(/usr/share/texmf/tex/generic/pgf/math/pgfmathrnd.code.tex))
(/usr/share/texmf/tex/generic/pgf/math/pgfmathbase.code.tex)))
(/usr/share/texmf/tex/generic/pgf/basiclayer/pgfcorepoints.code.tex
File: pgfcorepoints.code.tex 2008/02/03  (rcs-revision 1.13)
\pgf@picminx=\dimen142
\pgf@picmaxx=\dimen143
\pgf@picminy=\dimen144
\pgf@picmaxy=\dimen145
\pgf@pathminx=\dimen146
\pgf@pathmaxx=\dimen147
\pgf@pathminy=\dimen148
\pgf@pathmaxy=\dimen149
\pgf@xx=\dimen150
\pgf@xy=\dimen151
\pgf@yx=\dimen152
\pgf@yy=\dimen153
\pgf@zx=\dimen154
\pgf@zy=\dimen155
)
(/usr/share/texmf/tex/generic/pgf/basiclayer/pgfcorepathconstruct.code.tex
File: pgfcorepathconstruct.code.tex 2008/02/13  (rcs-revision 1.14)
\pgf@path@lastx=\dimen156
\pgf@path@lasty=\dimen157
)
(/usr/share/texmf/tex/generic/pgf/basiclayer/pgfcorepathusage.code.tex
File: pgfcorepathusage.code.tex 2008/01/23  (rcs-revision 1.11)
\pgf@shorten@end@additional=\dimen158
\pgf@shorten@start@additional=\dimen159
)
(/usr/share/texmf/tex/generic/pgf/basiclayer/pgfcorescopes.code.tex
File: pgfcorescopes.code.tex 2008/01/15  (rcs-revision 1.26)
\pgfpic=\box57
\pgf@hbox=\box58
\pgf@layerbox@main=\box59
\pgf@picture@serial@count=\count123
)
(/usr/share/texmf/tex/generic/pgf/basiclayer/pgfcoregraphicstate.code.tex
File: pgfcoregraphicstate.code.tex 2007/12/12  (rcs-revision 1.8)
\pgflinewidth=\dimen160
)
(/usr/share/texmf/tex/generic/pgf/basiclayer/pgfcoretransformations.code.tex
File: pgfcoretransformations.code.tex 2008/02/04  (rcs-revision 1.10)
\pgf@pt@x=\dimen161
\pgf@pt@y=\dimen162
\pgf@pt@temp=\dimen163
)
(/usr/share/texmf/tex/generic/pgf/basiclayer/pgfcorequick.code.tex
File: pgfcorequick.code.tex 2006/10/11  (rcs-revision 1.2)
)
(/usr/share/texmf/tex/generic/pgf/basiclayer/pgfcoreobjects.code.tex
File: pgfcoreobjects.code.tex 2006/10/11  (rcs-revision 1.2)
)
(/usr/share/texmf/tex/generic/pgf/basiclayer/pgfcorepathprocessing.code.tex
File: pgfcorepathprocessing.code.tex 2008/01/23  (rcs-revision 1.7)
)
(/usr/share/texmf/tex/generic/pgf/basiclayer/pgfcorearrows.code.tex
File: pgfcorearrows.code.tex 2007/06/07  (rcs-revision 1.8)
)
(/usr/share/texmf/tex/generic/pgf/basiclayer/pgfcoreshade.code.tex
File: pgfcoreshade.code.tex 2007/12/10  (rcs-revision 1.9)
\pgf@max=\dimen164
\pgf@sys@shading@range@num=\count124
)
(/usr/share/texmf/tex/generic/pgf/basiclayer/pgfcoreimage.code.tex
File: pgfcoreimage.code.tex 2008/01/15  (rcs-revision 1.1)
\pgfexternal@startupbox=\box60
)
(/usr/share/texmf/tex/generic/pgf/basiclayer/pgfcorelayers.code.tex
File: pgfcorelayers.code.tex 2008/01/15  (rcs-revision 1.1)
)
(/usr/share/texmf/tex/generic/pgf/basiclayer/pgfcoretransparency.code.tex
File: pgfcoretransparency.code.tex 2008/01/17  (rcs-revision 1.2)
)
(/usr/share/texmf/tex/generic/pgf/basiclayer/pgfcorepatterns.code.tex
File: pgfcorepatterns.code.tex 2008/01/15  (rcs-revision 1.1)
)))
(/usr/share/texmf/tex/generic/pgf/modules/pgfmoduleshapes.code.tex
File: pgfmoduleshapes.code.tex 2008/02/13  (rcs-revision 1.4)
\pgfnodeparttextbox=\box61
\toks@savedmacro=\toks29
)
(/usr/share/texmf/tex/generic/pgf/modules/pgfmoduleplot.code.tex
File: pgfmoduleplot.code.tex 2008/01/15  (rcs-revision 1.1)
\pgf@plotwrite=\write3
)
(/usr/share/texmf/tex/latex/pgf/compatibility/pgfcomp-version-0-65.sty
Package: pgfcomp-version-0-65 2007/07/03 v2.00 (rcs-revision 1.7)
\pgf@nodesepstart=\dimen165
\pgf@nodesepend=\dimen166
)
(/usr/share/texmf/tex/latex/pgf/compatibility/pgfcomp-version-1-18.sty
Package: pgfcomp-version-1-18 2007/07/23 v2.00 (rcs-revision 1.1)
))
(/usr/share/texmf/tex/latex/pgf/frontendlayer/tikz.sty
(/usr/share/texmf/tex/latex/pgf/utilities/pgffor.sty
(/usr/share/texmf/tex/generic/pgf/utilities/pgffor.code.tex
Package: pgffor 2007/11/07 v2.00 (rcs-revision 1.8)
\pgffor@iter=\dimen167
\pgffor@skip=\dimen168
))
(/usr/share/texmf/tex/generic/pgf/frontendlayer/tikz/tikz.code.tex
Package: tikz 2008/02/13 v2.00 (rcs-revision 1.27)

(/usr/share/texmf/tex/generic/pgf/libraries/pgflibraryplothandlers.code.tex
File: pgflibraryplothandlers.code.tex 2007/03/09 v2.00 (rcs-revision 1.9)
\pgf@plot@mark@count=\count125
\pgfplotmarksize=\dimen169
)
\tikz@lastx=\dimen170
\tikz@lasty=\dimen171
\tikz@lastxsaved=\dimen172
\tikz@lastysaved=\dimen173
\tikzleveldistance=\dimen174
\tikzsiblingdistance=\dimen175
\tikz@figbox=\box62
\tikz@tempbox=\box63
\tikztreelevel=\count126
\tikznumberofchildren=\count127
\tikznumberofcurrentchild=\count128
\tikz@fig@count=\count129

(/usr/share/texmf/tex/generic/pgf/modules/pgfmodulematrix.code.tex
File: pgfmodulematrix.code.tex 2008/01/15  (rcs-revision 1.1)
\pgfmatrixcurrentrow=\count130
\pgfmatrixcurrentcolumn=\count131
\pgf@matrix@numberofcolumns=\count132
)
\tikz@expandcount=\count133

(/usr/share/texmf/tex/generic/pgf/frontendlayer/tikz/libraries/tikzlibrarytopat
hs.code.tex
File: tikzlibrarytopaths.code.tex 2008/01/09 v2.00 (rcs-revision 1.1)
)))
(/usr/share/texmf/tex/generic/pgf/frontendlayer/tikz/libraries/tikzlibraryarrow
s.code.tex
File: tikzlibraryarrows.code.tex 2008/01/09 v2.00 (rcs-revision 1.1)

(/usr/share/texmf/tex/generic/pgf/libraries/pgflibraryarrows.code.tex
File: pgflibraryarrows.code.tex 2007/06/07 v2.00 (rcs-revision 1.7)
))
(/usr/share/texmf/tex/generic/pgf/frontendlayer/tikz/libraries/tikzlibrarysnake
s.code.tex
File: tikzlibrarysnakes.code.tex 2008/02/05 v2.00 (rcs-revision 1.6)


Package tikz Warning: Snakes have been superseded by decorations. Please use th
e decoration libraries instead of the snakes library on input line 14.


(/usr/share/texmf/tex/generic/pgf/frontendlayer/tikz/libraries/tikzlibrarydecor
ations.pathmorphing.code.tex
(/usr/share/texmf/tex/generic/pgf/frontendlayer/tikz/libraries/tikzlibrarydecor
ations.code.tex
(/usr/share/texmf/tex/generic/pgf/modules/pgfmoduledecorations.code.tex
\pgfdecoratedcompleteddistance=\dimen176
\pgfdecoratedremainingdistance=\dimen177
\pgfdecoratedinputsegmentcompleteddistance=\dimen178
\pgfdecoratedinputsegmentremainingdistance=\dimen179
\pgf@decorate@distancetomove=\dimen180
\pgf@decorate@repeatstate=\count134
\pgfdecorationsegmentamplitude=\dimen181
\pgfdecorationsegmentlength=\dimen182
))
(/usr/share/texmf/tex/generic/pgf/libraries/pgflibrarydecorations.pathmorphing.
code.tex))
(/usr/share/texmf/tex/generic/pgf/frontendlayer/tikz/libraries/tikzlibrarydecor
ations.pathreplacing.code.tex
(/usr/share/texmf/tex/generic/pgf/libraries/pgflibrarydecorations.pathreplacing
.code.tex))
(/usr/share/texmf/tex/generic/pgf/frontendlayer/tikz/libraries/tikzlibrarydecor
ations.shapes.code.tex
(/usr/share/texmf/tex/generic/pgf/libraries/pgflibrarydecorations.shapes.code.t
ex)))
(/usr/share/texmf/tex/generic/pgf/frontendlayer/tikz/libraries/tikzlibrarybackg
rounds.code.tex
File: tikzlibrarybackgrounds.code.tex 2008/01/09 v2.00 (rcs-revision 1.1)
\pgf@layerbox@background=\box64
\pgf@layerboxsaved@background=\box65
)
(/usr/share/texmf/tex/generic/pgf/frontendlayer/tikz/libraries/tikzlibraryshape
s.code.tex
File: tikzlibraryshapes.code.tex 2008/01/09 v2.00 (rcs-revision 1.1)

(/usr/share/texmf/tex/generic/pgf/frontendlayer/tikz/libraries/tikzlibraryshape
s.geometric.code.tex
File: tikzlibraryshapes.geometric.code.tex 2008/01/09 v2.00 (rcs-revision 1.1)

(/usr/share/texmf/tex/generic/pgf/libraries/pgflibraryshapes.geometric.code.tex
File: pgflibraryshapes.geometric.code.tex 2008/02/01 v2.00 (rcs-revision 1.22)
))
(/usr/share/texmf/tex/generic/pgf/frontendlayer/tikz/libraries/tikzlibraryshape
s.misc.code.tex
File: tikzlibraryshapes.misc.code.tex 2008/01/09 v2.00 (rcs-revision 1.1)

(/usr/share/texmf/tex/generic/pgf/libraries/pgflibraryshapes.misc.code.tex
File: pgflibraryshapes.misc.code.tex 2008/02/12 v2.00 (rcs-revision 1.10)
))
(/usr/share/texmf/tex/generic/pgf/frontendlayer/tikz/libraries/tikzlibraryshape
s.symbols.code.tex
File: tikzlibraryshapes.symbols.code.tex 2008/01/09 v2.00 (rcs-revision 1.1)

(/usr/share/texmf/tex/generic/pgf/libraries/pgflibraryshapes.symbols.code.tex
File: pgflibraryshapes.symbols.code.tex 2008/01/30 v2.00 (rcs-revision 1.13)
))
(/usr/share/texmf/tex/generic/pgf/frontendlayer/tikz/libraries/tikzlibraryshape
s.arrows.code.tex
File: tikzlibraryshapes.arrows.code.tex 2008/01/09 v2.00 (rcs-revision 1.1)

(/usr/share/texmf/tex/generic/pgf/libraries/pgflibraryshapes.arrows.code.tex
File: pgflibraryshapes.arrows.code.tex 2007/11/10 v2.00 (rcs-revision 1.3)
))
(/usr/share/texmf/tex/generic/pgf/frontendlayer/tikz/libraries/tikzlibraryshape
s.callouts.code.tex
(/usr/share/texmf/tex/generic/pgf/libraries/pgflibraryshapes.callouts.code.tex)
)
(/usr/share/texmf/tex/generic/pgf/frontendlayer/tikz/libraries/tikzlibraryshape
s.multipart.code.tex
File: tikzlibraryshapes.multipart.code.tex 2008/01/09 v2.00 (rcs-revision 1.1)

(/usr/share/texmf/tex/generic/pgf/libraries/pgflibraryshapes.multipart.code.tex
File: pgflibraryshapes.multipart.code.tex 2008/01/15 v2.00 (rcs-revision 1.7)
\pgfnodepartlowerbox=\box66
\pgfnodepartsecondbox=\box67
\pgfnodepartthirdbox=\box68
\pgfnodepartfourthbox=\box69
)))
\plarg=\skip52
\glarg=\skip53
 (./phD.aux

LaTeX Warning: Label `fig:intro:multi' multiply defined.


LaTeX Warning: Label `tab:param' multiply defined.


LaTeX Warning: Label `eq:fullQferg' multiply defined.


LaTeX Warning: Label `sec:discussion' multiply defined.


LaTeX Warning: Label `fig:world_sirx' multiply defined.

)
\openout1 = `phD.aux'.

LaTeX Font Info:    Checking defaults for OML/cmm/m/it on input line 47.
LaTeX Font Info:    ... okay on input line 47.
LaTeX Font Info:    Checking defaults for T1/lmr/m/n on input line 47.
LaTeX Font Info:    Try loading font information for T1+lmr on input line 47.
 (/usr/share/texmf/tex/latex/lm/t1lmr.fd
File: t1lmr.fd 2007/01/14 v1.3 Font defs for Latin Modern
)
LaTeX Font Info:    ... okay on input line 47.
LaTeX Font Info:    Checking defaults for OT1/cmr/m/n on input line 47.
LaTeX Font Info:    ... okay on input line 47.
LaTeX Font Info:    Checking defaults for OMS/cmsy/m/n on input line 47.
LaTeX Font Info:    ... okay on input line 47.
LaTeX Font Info:    Checking defaults for OMX/cmex/m/n on input line 47.
LaTeX Font Info:    ... okay on input line 47.
LaTeX Font Info:    Checking defaults for U/cmr/m/n on input line 47.
LaTeX Font Info:    ... okay on input line 47.


Package frenchb.ldf Warning: The definition of \@makecaption has been changed,
(frenchb.ldf)                frenchb will NOT customize it;
(frenchb.ldf)                reported on input line 47.

LaTeX Info: Redefining \dots on input line 47.
(/usr/share/texmf-texlive/tex/latex/ragged2e/ragged2e.sty
Package: ragged2e 2003/03/25 v2.04 ragged2e Package (MS)

(/usr/share/texmf-texlive/tex/latex/everysel/everysel.sty
Package: everysel 1999/06/08 v1.03 EverySelectfont Package (MS)
LaTeX Info: Redefining \selectfont on input line 125.
)
\CenteringLeftskip=\skip54
\RaggedLeftLeftskip=\skip55
\RaggedRightLeftskip=\skip56
\CenteringRightskip=\skip57
\RaggedLeftRightskip=\skip58
\RaggedRightRightskip=\skip59
\CenteringParfillskip=\skip60
\RaggedLeftParfillskip=\skip61
\RaggedRightParfillskip=\skip62
\JustifyingParfillskip=\skip63
\CenteringParindent=\skip64
\RaggedLeftParindent=\skip65
\RaggedRightParindent=\skip66
\JustifyingParindent=\skip67
) (./entete2.tex
File: upmc.eps Graphic file (type eps)

<upmc.eps>
LaTeX Font Info:    Try loading font information for U+msa on input line 19.
 (/usr/share/texmf-texlive/tex/latex/amsfonts/umsa.fd
File: umsa.fd 2002/01/19 v2.2g AMS font definitions
)
LaTeX Font Info:    Try loading font information for U+msb on input line 19.

(/usr/share/texmf-texlive/tex/latex/amsfonts/umsb.fd
File: umsb.fd 2002/01/19 v2.2g AMS font definitions
)
LaTeX Font Info:    Try loading font information for U+rsfs on input line 19.

(/usr/share/texmf-texlive/tex/latex/jknapltx/ursfs.fd
File: ursfs.fd 1998/03/24 rsfs font definition file (jk)
)
Overfull \hbox (8.33858pt too wide) in paragraph at lines 8--20
 []$ 
 []


Underfull \hbox (badness 10000) in paragraph at lines 22--31

 []


Overfull \hbox (28.5745pt too wide) in paragraph at lines 44--56
[]  $[]$ 
 []

[1

]) [1] [1] [1]
Underfull \hbox (badness 6141) in paragraph at lines 74--100
\OT1/cmr/m/n/12 et bio-lo-gie ^^Sevolutive. Nous uti-li-sons une com-bi-nai-son
 d'ap-proches
 []

[2

] [3

] (./phD.toc
Underfull \hbox (badness 1701) in paragraph at lines 7--7
 [][] [][]\OT1/cmr/m/n/12 Evolution des ma-la-dies in-fec-tieuses ^^Ra tra-vers
 diff^^Serentes 
 []


Underfull \hbox (badness 1038) in paragraph at lines 19--19
 [][] []\OT1/cmr/m/n/12 Dynamique source-puits et ap-port des ana-lyses ^^Ra 
 []

[4


] [5] [6])
\tf@toc=\write4
\openout4 = `phD.toc'.

 [7] [8

] (./texte/introduction.tex
Chapitre 1.

Underfull \hbox (badness 3557) in paragraph at lines 19--19
[]\OT1/cmr/bx/n/17.28 Origine des prin-ci-pales ma-la-dies in-
 []


Underfull \hbox (badness 3579) in paragraph at lines 19--19
\OT1/cmr/bx/n/17.28 fec-tieuses hu-maines : les tran-si-tions
 []

[9

] [10] [11] [12]
File: graphs/intro/ac.eps Graphic file (type eps)
 <graphs/intro/ac.eps> [13] [14] [15]
File: graphs/intro/legacy.eps Graphic file (type eps)

<graphs/intro/legacy.eps> [16] [17]
Underfull \hbox (badness 10000) in paragraph at lines 367--367
[][]\OT1/cmr/bx/n/17.28 Evolution des ma-la-dies in-fec-tieuses
 []


Underfull \hbox (badness 3668) in paragraph at lines 367--367
\OT1/cmr/bx/n/17.28 ^^Ra tra-vers diff^^Serentes ^^Sechelles spatio-
 []

[18

] [19] [20]
Underfull \hbox (badness 3158) in paragraph at lines 546--554
[]\OT1/cmr/m/n/12 Pour pas-ser ^^Ra la dy-na-mique inter-individus et donc au n
i-veau
 []

[21] [22]
Underfull \hbox (badness 1038) in paragraph at lines 602--610
[]\OT1/cmr/m/n/12 L'int^^Segration des diff^^Serentes ^^Sechelles o^^Ru s'exerc
ent les pres-sions de
 []

[23] [24]
Underfull \hbox (badness 1199) in paragraph at lines 742--768
[]\OT1/cmr/m/n/12 L'apparition de pa-thog^^Renes ayant les ca-ract^^Seristiques
 des ma-la-dies
 []


Underfull \hbox (badness 3098) in paragraph at lines 742--768
\OT1/cmr/m/n/12 in-fec-tieuses in-fan-tiles est par contre for-te-ment li^^See 
aux pa-ram^^Retres
 []

[25] [26]
File: graphs/intro/grenfell_2004.eps Graphic file (type eps)
 <graphs/intro/grenfell_2004.eps> [27] [28] [29]
File: graphs/intro/flu_holmes.eps Graphic file (type eps)

<graphs/intro/flu_holmes.eps> [30] [31]
File: graphs/intro/gill_murphy.eps Graphic file (type eps)
 <graphs/intro/gill_murphy.eps>
File: graphs/intro/gill_murphy.eps Graphic file (type eps)

<graphs/intro/gill_murphy.eps> [32] [33]
Underfull \hbox (badness 1314) in paragraph at lines 1087--1094
\OT1/cmr/m/n/12 ac-com-pagn^^Ses d'une aug-men-ta-tion conjointe de la puis-san
ce de cal-cul
 []

[34]
Underfull \hbox (badness 1874) in paragraph at lines 1114--1118
[]\OT1/cmr/m/n/12 ou bien, que la pro-tec-tion par-tielle conf^^Ser^^See par le
s in-fec-tions
 []

File: graphs/R/multi.eps Graphic file (type eps)
<graphs/R/multi.eps> [35] [36] [37] [38] [39] [40] [41] [42] [43]
File: graphs/intro/smith.eps Graphic file (type eps)

<graphs/intro/smith.eps> [44] [45] [46] [47]
File: graphs/intro/francis1.eps Graphic file (type eps)
 <graphs/intro/francis1.eps>
File: graphs/intro/francis2.eps Graphic file (type eps)

<graphs/intro/francis2.eps> [48] [49]
Underfull \hbox (badness 10000) in paragraph at lines 1741--1741
[]\OT1/cmr/bx/n/14.4 Une ^^Sevolution an-tig^^Senique gra-duelle ou
 []

[50]
Underfull \hbox (badness 6047) in paragraph at lines 1784--1799
[]\OT1/cmr/m/n/12 Wolf \OT1/cmr/m/it/12 et al. \OT1/cmr/m/n/12 (2006) se sont a
ussi int^^Seress^^Ses aux cons^^Sequences
 []

[51] [52] [53] [54] [55] [56] [57] [58] [59] [60]) [61] [62

]
(./texte/article1/article1.tex
Chapitre 2.

Underfull \hbox (badness 1755) in paragraph at lines 4--15
\OT1/cmr/m/n/12 1 UMR 7625 (UPMC, ENS, Agro-Pa-ris-Tech, CNRS), Ecole Nor-male
 []

[63

] [64] [65] [66] [67]
Overfull \hbox (4.66272pt too wide) in paragraph at lines 277--277
[] 
 []

[68]
Overfull \hbox (4.77612pt too wide) in paragraph at lines 317--317
[] 
 []

[69]
Underfull \hbox (badness 10000) in paragraph at lines 319--323

 []


Overfull \hbox (56.8241pt too wide) in paragraph at lines 346--346
[] 
 []

[70]
File: graphs/article1/figure_1.eps Graphic file (type eps)
 <graphs/article1/figure_1.eps> [71] [72]
Overfull \hbox (69.92595pt too wide) in paragraph at lines 415--428
[][]
 []

[73

] [74] [75]
File: graphs/article1/figure_2.eps Graphic file (type eps)
 <graphs/article1/figure_2.eps>
File: graphs/article1/figure_3.eps Graphic file (type eps)
 <graphs/article1/figure_3.eps>
File: graphs/article1/figure_4.eps Graphic file (type eps)

<graphs/article1/figure_4.eps> [76] [77] [78] [79]
File: graphs/article1/figure_5.eps Graphic file (type eps)

<graphs/article1/figure_5.eps>

LaTeX Warning: Float too large for page by 163.89713pt on input line 681.

[80

] [81]
File: graphs/article1/figure_6.eps Graphic file (type eps)
 <graphs/article1/figure_6.eps> [82] [83] [84] [85

] [86] [87]
File: graphs/article1/figure_7.eps Graphic file (type eps)

<graphs/article1/figure_7.eps>
File: graphs/article1/figure_8.eps Graphic file (type eps)
 <graphs/article1/figure_8.eps> [88] [89]
Underfull \hbox (badness 10000) in paragraph at lines 1033--1061

 []


Underfull \hbox (badness 10000) in paragraph at lines 1064--1088

 []

[90]
Underfull \hbox (badness 10000) in paragraph at lines 1091--1111

 []

[91]) [92] [93

] (./texte/article2/upca.tex
Chapitre 3.
[94

] [95] [96]
File: texte/article2/graph/all_reconstructed_bernard_theo.eps Graphic file (typ
e eps)
 <texte/article2/graph/all_reconstructed_bernard_theo.eps>

LaTeX Warning: Float too large for page by 55.49947pt on input line 170.

[97] [98]
File: texte/article2/graph/sirs.eps Graphic file (type eps)
 <texte/article2/graph/sirs.eps> [99]
Overfull \hbox (76.97353pt too wide) in paragraph at lines 260--269
 [] 
 []

[100] [101]
File: texte/article2/graph/main2.eps Graphic file (type eps)
 <texte/article2/graph/main2.eps> [102]
File: texte/article2/graph/eta_best_fit2_g11.eps Graphic file (type eps)

<texte/article2/graph/eta_best_fit2_g11.eps> [103]
File: texte/article2/graph/pert.eps Graphic file (type eps)

<texte/article2/graph/pert.eps> [104] [105] [106] [107] [108]) [109] [110

]
(./texte/article3/camacho.tex
Chapitre 4.
[111

] [112] [113] [114] [115] [116]

LaTeX Warning: `!h' float specifier changed to `!ht'.

[117]
File: texte/article3/graph/thresholdn1x_alpha_r02.eps Graphic file (type eps)
 <texte/article3/graph/thresholdn1x_alpha_r02.eps> [118] [119]
File: texte/article3/graph/eq_end.eps Graphic file (type eps)

<texte/article3/graph/eq_end.eps> [120] [121]
File: texte/article3/graph/sens.eps Graphic file (type eps)
 <texte/article3/graph/sens.eps>

LaTeX Warning: Float too large for page by 38.76016pt on input line 653.

[122] [123]
Overfull \hbox (40.26491pt too wide) in paragraph at lines 731--731
[] 
 []

[124]
File: texte/article3/graph/sirx_s03_039_final.eps Graphic file (type eps)
 <texte/article3/graph/sirx_s03_039_final.eps> [125]
File: texte/article3/graph/traj_metapop.eps Graphic file (type eps)

<texte/article3/graph/traj_metapop.eps>

LaTeX Warning: Float too large for page by 95.55293pt on input line 839.

[126] [127] [128]
File: texte/article3/graph/sirx_trade_off_short.eps Graphic file (type eps)
 <texte/article3/graph/sirx_trade_off_short.eps> [129]
[130] [131] [132] [133

] [134]
File: texte/article3/graph/attack_r05.eps Graphic file (type eps)
 <texte/article3/graph/attack_r05.eps> [135]
[136] [137] [138] [139] [140]) [141] [142

] (./texte/discussion.tex
Chapitre 5.
[143

] [144] [145] [146] [147] [148] [149]
Underfull \hbox (badness 1057) in paragraph at lines 358--370
[]\OT1/cmr/m/n/12 Une des-crip-tion fine des pro-ces-sus im-mu-no-lo-giques peu
t avoir des
 []

[150]) [151] [152

] (./texte/article1/article1_appendix.tex
Annexe A.

Underfull \hbox (badness 3724) in paragraph at lines 12--16
[]$\OT1/cmr/m/n/12 UMR 7625 (UPMC, ENS, Agro-Pa-ris-Tech, CNRS), Ecole Nor-male

 []


LaTeX Warning: `!h' float specifier changed to `!ht'.

[153

] [154]
File: graphs/article1/css_sir.eps Graphic file (type eps)
 <graphs/article1/css_sir.eps>
File: graphs/article1/ccs_sirs.eps Graphic file (type eps)
 <graphs/article1/ccs_sirs.eps>

LaTeX Warning: `!h' float specifier changed to `!ht'.

[155

] [156]
File: graphs/article1/max_theoretical12.eps Graphic file (type eps)
 <graphs/article1/max_theoretical12.eps>
File: graphs/article1/traj_sto_drift_theo.eps Graphic file (type eps)

<graphs/article1/traj_sto_drift_theo.eps>

LaTeX Warning: `!h' float specifier changed to `!ht'.

File: graphs/article1/traj_sto_shift_theo.eps Graphic file (type eps)
<graphs/article1/traj_sto_shift_theo.eps>

LaTeX Warning: `!h' float specifier changed to `!ht'.

File: graphs/article1/traj_sir_theoretical_migr8.eps Graphic file (type eps)
<graphs/article1/traj_sir_theoretical_migr8.eps>

LaTeX Warning: `!h' float specifier changed to `!ht'.

[157

] [158] [159] [160]
Overfull \hbox (16.34317pt too wide) in paragraph at lines 236--236
[] 
 []

[161

]
File: graphs/article1/within_drift.eps Graphic file (type eps)
 <graphs/article1/within_drift.eps>

LaTeX Warning: `!h' float specifier changed to `!ht'.

[162]

LaTeX Warning: Text page 163 contains only floats.


Overfull \vbox (3.84966pt too high) has occurred while \output is active []


[163]
File: graphs/article1/constraints.eps Graphic file (type eps)
 <graphs/article1/constraints.eps>) [164

] [165

]
(./texte/article2/appendix_eliza.tex
Annexe B.
[166

] [167]
Underfull \hbox (badness 3375) in paragraph at lines 75--75
[]\OT1/cmr/bx/n/14.4 Stochastic me-ta-po-pu-la-tion mo-del with age
 []

File: texte/article2/graph_annexe/iata.eps Graphic file (type eps)
<texte/article2/graph_annexe/iata.eps>
Overfull \hbox (115.8735pt too wide) in paragraph at lines 150--150
[] 
 []


Underfull \hbox (badness 1062) in paragraph at lines 153--167
[]\OT1/cmr/m/n/12 where $[]$ are pro-ba-bi-li-ties that a host of age class $\O
ML/cmm/m/it/12 a[]$ \OT1/cmr/m/n/12 si-tua-
 []


Underfull \hbox (badness 1043) in paragraph at lines 153--167
\OT1/cmr/m/n/12 ven in (Grais \OT1/cmr/m/it/12 et al.\OT1/cmr/m/n/12 , 2003)). 
Three age classes ($\OML/cmm/m/it/12 a[]$\OT1/cmr/m/n/12 ) were consi-de-red,
 []

[168

] [169]
File: texte/article2/graph_annexe/profile.eps Graphic file (type eps)
 <texte/article2/graph_annexe/profile.eps>
File: texte/article2/graph_annexe/corr_g_b0.eps Graphic file (type eps)

<texte/article2/graph_annexe/corr_g_b0.eps> [170

] [171] [172]
File: texte/article2/graph_annexe/slice_israel.eps Graphic file (type eps)

<texte/article2/graph_annexe/slice_israel.eps>
File: texte/article2/graph_annexe/1strain_traj100.eps Graphic file (type eps)

<texte/article2/graph_annexe/1strain_traj100.eps>

LaTeX Warning: Float too large for page by 35.34944pt on input line 297.

File: texte/article2/graph_annexe/2strain_traj100.eps Graphic file (type eps)
<texte/article2/graph_annexe/2strain_traj100.eps>
File: texte/article2/graph_annexe/world_upca_aggreg.eps Graphic file (type eps)


<texte/article2/graph_annexe/world_upca_aggreg.eps>
File: texte/article2/graph_annexe/image_upca.eps Graphic file (type eps)

<texte/article2/graph_annexe/image_upca.eps>
File: texte/article2/graph_annexe/traj_upca_metapop.eps Graphic file (type eps)


<texte/article2/graph_annexe/traj_upca_metapop.eps> [173

] [174] [175] [176]
[177] [178]
File: texte/article2/graph_annexe/period1.eps Graphic file (type eps)
 <texte/article2/graph_annexe/period1.eps>
File: texte/article2/graph_annexe/period2.eps Graphic file (type eps)

<texte/article2/graph_annexe/period2.eps>
File: texte/article2/graph_annexe/period_bestfit.eps Graphic file (type eps)

<texte/article2/graph_annexe/period_bestfit.eps>) [179

] [180] [181

]
(./texte/article3/appendix_diamond/appendix_drift.tex
Annexe C.
[182

] [183] [184]
Underfull \hbox (badness 10000) in paragraph at lines 244--258

 []

[185]

LaTeX Warning: `!h' float specifier changed to `!ht'.

[186] [187]

LaTeX Warning: `!h' float specifier changed to `!ht'.

[188] [189]
File: texte/article3/appendix_diamond/graph/threshold_koelle.eps Graphic file (
type eps)
 <texte/article3/appendix_diamond/graph/threshold_koelle.eps>
[190

] [191]
File: texte/article3/appendix_diamond/graph/koelle_vs_purely_transiant.eps Grap
hic file (type eps)

<texte/article3/appendix_diamond/graph/koelle_vs_purely_transiant.eps> [192]
[193]
File: texte/article3/appendix_diamond/graph/traj_deter.eps Graphic file (type e
ps)
 <texte/article3/appendix_diamond/graph/traj_deter.eps>

LaTeX Warning: Float too large for page by 35.36267pt on input line 673.

File: texte/article3/appendix_diamond/graph/traj_deter_reinfection.eps Graphic 
file (type eps)
<texte/article3/appendix_diamond/graph/traj_deter_reinfection.eps>
File: texte/article3/appendix_diamond/graph/attak.eps Graphic file (type eps)

<texte/article3/appendix_diamond/graph/attak.eps>

LaTeX Warning: Float too large for page by 64.36267pt on input line 698.

[194] [195] [196] [197]
File: texte/article3/appendix_diamond/graph/traj_deter_trade_off.eps Graphic fi
le (type eps)

<texte/article3/appendix_diamond/graph/traj_deter_trade_off.eps> [198

]
File: texte/article3/appendix_diamond/graph/mapHK.eps Graphic file (type eps)

<texte/article3/appendix_diamond/graph/mapHK.eps>
File: texte/article3/appendix_diamond/graph/traj_metapop.eps Graphic file (type
 eps)

<texte/article3/appendix_diamond/graph/traj_metapop.eps>

LaTeX Warning: Float too large for page by 110.05293pt on input line 752.

File: texte/article3/appendix_diamond/graph/barplot.eps Graphic file (type eps)

<texte/article3/appendix_diamond/graph/barplot.eps>

LaTeX Warning: Float too large for page by 56.44228pt on input line 762.

File: texte/article3/appendix_diamond/graph/traj5_sirx_siqrx_s03.eps Graphic fi
le (type eps)
<texte/article3/appendix_diamond/graph/traj5_sirx_siqrx_s03.eps>

LaTeX Warning: Float too large for page by 49.85826pt on input line 781.

File: texte/article3/appendix_diamond/graph/traj5_sirx_s039.eps Graphic file (t
ype eps)
<texte/article3/appendix_diamond/graph/traj5_sirx_s039.eps>) [199

] [200]
[201] [202] [203] [204

] (./texte/tdc/tdc.tex
Annexe D.
[205

] [206]
File: texte/tdc/graph/tdc.eps Graphic file (type eps)
 <texte/tdc/graph/tdc.eps>
File: texte/tdc/graph/data.eps Graphic file (type eps)
 <texte/tdc/graph/data.eps> [207] [208]
Overfull \hbox (76.95177pt too wide) in paragraph at lines 162--177
[][]
 []


Underfull \hbox (badness 10000) in paragraph at lines 162--177

 []

[209] [210] [211]
File: texte/tdc/graph/res_et_extinction.eps Graphic file (type eps)
 <texte/tdc/graph/res_et_extinction.eps> [212] [213] [214]
[215] [216] [217]) [218] [219

] (./phD.bbl [220

] [221] [222] [223] [224]
[225] [226] [227] [228] [229] [230] [231] [232] [233] [234] [235] [236]
[237] [238] [239] [240]) [241] (./phD.aux)

LaTeX Warning: There were multiply-defined labels.

 ) 
Here is how much of TeX's memory you used:
 12750 strings out of 95064
 237548 string characters out of 1182633
 322079 words of memory out of 1500000
 15499 multiletter control sequences out of 10000+50000
 19651 words of font info for 77 fonts, out of 1200000 for 2000
 28 hyphenation exceptions out of 8191
 40i,20n,65p,2816b,903s stack positions out of 5000i,500n,6000p,200000b,5000s

Output written on phD.dvi (244 pages, 808408 bytes).
